Added Component: Designator=BQ1(HC-49/S)
Added Component: Designator=BQ2(HC-49/S)
Added Component: Designator=BQ3(HC-49/S)
Added Component: Designator=BQ4(HC-49/S)
Added Component: Designator=BQ5(HC-49/S)
Added Component: Designator=BQ6(HC-49/S)
Added Component: Designator=C1(CAPC3216X05M)
Added Component: Designator=C2(CAPC3216X05M)
Added Component: Designator=C3(SMDRC0805)
Added Component: Designator=C4(CAPC3216X05M)
Added Component: Designator=C5(CAPC3216X05M)
Added Component: Designator=C6(CAP_POLAR_ELLYTE_B)
Added Component: Designator=C7(CAP_POLAR_ELLYTE_B)
Added Component: Designator=C8(SMDRC0805)
Added Component: Designator=C9(SMDRC0805)
Added Component: Designator=C10(SMDRC0805)
Added Component: Designator=C11(CAP_POLAR_10mm)
Added Component: Designator=C12(SMDRC0805)
Added Component: Designator=C13(SMDRC0805)
Added Component: Designator=C14(SMDRC0805)
Added Component: Designator=C15(SMDRC0805)
Added Component: Designator=C16(SMDRC0805)
Added Component: Designator=C17(SMDRC0805)
Added Component: Designator=C18(SMDRC0805)
Added Component: Designator=C19(SMDRC0805)
Added Component: Designator=C20(SMDRC0805)
Added Component: Designator=C21(SMDRC0805)
Added Component: Designator=C22(SMDRC0805)
Added Component: Designator=C23(SMDRC0805)
Added Component: Designator=C24(CAPC3216X05M)
Added Component: Designator=C25(CAPC3216X05M)
Added Component: Designator=C26(SMDRC0805)
Added Component: Designator=C27(CAPC3216X05M)
Added Component: Designator=C28(CAPC3216X05M)
Added Component: Designator=C29(CAPC3216X05M)
Added Component: Designator=C30(SMDRC0805)
Added Component: Designator=C31(CAP_POLAR_ELLYTE_B)
Added Component: Designator=C32(CAPC3216X05M)
Added Component: Designator=C33(CAP_POLAR_ELLYTE_B)
Added Component: Designator=C34(CAP_POLAR_ELLYTE_B)
Added Component: Designator=C35(CAPC3216X05M)
Added Component: Designator=C36(CAPC3216X05M)
Added Component: Designator=C37(CAP_POLAR_ELLYTE_B)
Added Component: Designator=DA1(SOIC127P1030X264-14M)
Added Component: Designator=DD1(44ML_M)
Added Component: Designator=DD2(44ML_M)
Added Component: Designator=DD3(44ML_M)
Added Component: Designator=FU1(EFuse 1.1A)
Added Component: Designator=HL1(DIOMELF2012M)
Added Component: Designator=HL2(DIOMELF2012M)
Added Component: Designator=HL3(DIOMELF2012M)
Added Component: Designator=HL4(DIOMELF2012M)
Added Component: Designator=HL5(DIOMELF2012M)
Added Component: Designator=HL6(DIOMELF2012M)
Added Component: Designator=HL7(DIOMELF2012M)
Added Component: Designator=HL8(DIOMELF2012M)
Added Component: Designator=HL9(DIOMELF2012M)
Added Component: Designator=HL10(DIOMELF2012M)
Added Component: Designator=HL11(DIOMELF2012M)
Added Component: Designator=HL12(DIOMELF2012M)
Added Component: Designator=HL13(DIOMELF2012M)
Added Component: Designator=HL14(DIOMELF2012M)
Added Component: Designator=HL15(DIOMELF2012M)
Added Component: Designator=HL16(DIOMELF2012M)
Added Component: Designator=HL17(DIOMELF2012M)
Added Component: Designator=HL18(DIOMELF2012M)
Added Component: Designator=HL19(DIOMELF2012M)
Added Component: Designator=HL20(DIOMELF2012M)
Added Component: Designator=HL21(DIOMELF2012M)
Added Component: Designator=HL22(DIOMELF2012M)
Added Component: Designator=HL23(DIOMELF2012M)
Added Component: Designator=K1(TRU-5VDC-SB-CL)
Added Component: Designator=K2(TRU-5VDC-SB-CL)
Added Component: Designator=K3(TRU-5VDC-SB-CL)
Added Component: Designator=K4(TRU-5VDC-SB-CL)
Added Component: Designator=K5(TRU-5VDC-SB-CL)
Added Component: Designator=K6(TRU-5VDC-SB-CL)
Added Component: Designator=K7(TRU-5VDC-SB-CL)
Added Component: Designator=K8(TRU-5VDC-SB-CL)
Added Component: Designator=K9(TRU-5VDC-SB-CL)
Added Component: Designator=K10(TRU-5VDC-SB-CL)
Added Component: Designator=K11(TRU-5VDC-SB-CL)
Added Component: Designator=K12(TRU-5VDC-SB-CL)
Added Component: Designator=K13(TRU-5VDC-SB-CL)
Added Component: Designator=L1(INDC0603X03M)
Added Component: Designator=L2(INDP7972X50M)
Added Component: Designator=L3(INDC0603X03M)
Added Component: Designator=L4(INDC0603X03M)
Added Component: Designator=L5(INDC0603X03M)
Added Component: Designator=L6(INDC0603X03M)
Added Component: Designator=L7(INDC0603X03M)
Added Component: Designator=L8(INDC0603X03M)
Added Component: Designator=L9(INDC0603X03M)
Added Component: Designator=L10(INDC0603X03M)
Added Component: Designator=L11(INDC0603X03M)
Added Component: Designator=L12(INDC0603X03M)
Added Component: Designator=L13(INDC0603X03M)
Added Component: Designator=L14(INDC0603X03M)
Added Component: Designator=L15(INDC0603X03M)
Added Component: Designator=L16(INDC0603X03M)
Added Component: Designator=R1(SMDRC0805)
Added Component: Designator=R2(SMDRC0805)
Added Component: Designator=R3(SMDRC0805)
Added Component: Designator=R4(SMDRC0805)
Added Component: Designator=R5(SMDRC0805)
Added Component: Designator=R6(SMDRC0805)
Added Component: Designator=R7(SMDRC0805)
Added Component: Designator=R8(SMDRC0805)
Added Component: Designator=R9(SMDRC0805)
Added Component: Designator=R10(SMDRC0805)
Added Component: Designator=R11(SMDRC0805)
Added Component: Designator=R12(SMDRC0805)
Added Component: Designator=R13(SMDRC0805)
Added Component: Designator=R14(SMDRC0805)
Added Component: Designator=R15(SMDRC0805)
Added Component: Designator=R16(SMDRC0805)
Added Component: Designator=R17(SMDRC0805)
Added Component: Designator=R18(SMDRC0805)
Added Component: Designator=R19(SMDRC0805)
Added Component: Designator=R20(SMDRC0805)
Added Component: Designator=R21(SMDRC0805)
Added Component: Designator=R22(SMDRC0805)
Added Component: Designator=R23(SMDRC0805)
Added Component: Designator=R24(SMDRC0805)
Added Component: Designator=R25(SMDRC0805)
Added Component: Designator=R26(SMDRC0805)
Added Component: Designator=R27(SMDRC0805)
Added Component: Designator=R28(SMDRC0805)
Added Component: Designator=R29(SMDRC0805)
Added Component: Designator=R30(SMDRC0805)
Added Component: Designator=R31(SMDRC0805)
Added Component: Designator=R32(SMDRC0805)
Added Component: Designator=R33(SMDRC0805)
Added Component: Designator=R34(SMDRC0805)
Added Component: Designator=R35(SMDRC0805)
Added Component: Designator=R36(SMDRC0805)
Added Component: Designator=R37(SMDRC0805)
Added Component: Designator=R38(SMDRC0805)
Added Component: Designator=R39(SMDRC0805)
Added Component: Designator=R40(SMDRC0805)
Added Component: Designator=R41(SMDRC0805)
Added Component: Designator=R42(SMDRC0805)
Added Component: Designator=R43(SMDRC0805)
Added Component: Designator=R44(SMDRC0805)
Added Component: Designator=R45(SMDRC0805)
Added Component: Designator=R46(SMDRC0805)
Added Component: Designator=R47(SMDRC0805)
Added Component: Designator=R48(SMDRC0805)
Added Component: Designator=R49(SMDRC0805)
Added Component: Designator=R50(SMDRC0805)
Added Component: Designator=R51(SMDRC0805)
Added Component: Designator=R52(SMDRC0805)
Added Component: Designator=R53(SMDRC0805)
Added Component: Designator=R54(SMDRC0805)
Added Component: Designator=R55(SMDRC0805)
Added Component: Designator=R56(SMDRC0805)
Added Component: Designator=R57(SMDRC0805)
Added Component: Designator=R58(SMDRC0805)
Added Component: Designator=R59(SMDRC0805)
Added Component: Designator=R60(SMDRC0805)
Added Component: Designator=R61(SMDRC0805)
Added Component: Designator=R62(SMDRC0805)
Added Component: Designator=R63(SMDRC0805)
Added Component: Designator=R64(SMDRC0805)
Added Component: Designator=R65(SMDRC0805)
Added Component: Designator=R66(SMDRC0805)
Added Component: Designator=R67(SMDRC0805)
Added Component: Designator=R68(SMDRC0805)
Added Component: Designator=R69(SMDRC0805)
Added Component: Designator=R70(SMDRC0805)
Added Component: Designator=R71(SMDRC0805)
Added Component: Designator=R72(SMDRC0805)
Added Component: Designator=R73(SMDRC0805)
Added Component: Designator=R74(SMDRC0805)
Added Component: Designator=R75(SMDRC0805)
Added Component: Designator=R76(SMDRC0805)
Added Component: Designator=R77(SMDRC0805)
Added Component: Designator=R78(SMDRC0805)
Added Component: Designator=R79(SMDRC0805)
Added Component: Designator=R80(SMDRC0805)
Added Component: Designator=R81(SMDRC0805)
Added Component: Designator=SA1(DTSM20)
Added Component: Designator=SA2(DTSM20)
Added Component: Designator=SA3(DTSM20)
Added Component: Designator=VD1(PinDiode)
Added Component: Designator=VD2(PinDiode)
Added Component: Designator=VD3(PinDiode)
Added Component: Designator=VD4(PinDiode)
Added Component: Designator=VD5(PinDiode)
Added Component: Designator=VD6(PinDiode)
Added Component: Designator=VD7(PinDiode)
Added Component: Designator=VD8(PinDiode)
Added Component: Designator=VD9(PinDiode)
Added Component: Designator=VD10(SUPRES3216X18N)
Added Component: Designator=VD11(SHOTKY 4.1x3.3)
Added Component: Designator=VD12(PinDiode)
Added Component: Designator=VD13(PinDiode)
Added Component: Designator=VD14(PinDiode)
Added Component: Designator=VD15(PinDiode)
Added Component: Designator=VD16(PinDiode)
Added Component: Designator=VD17(PinDiode)
Added Component: Designator=VD18(PinDiode)
Added Component: Designator=VD19(PinDiode)
Added Component: Designator=VT1(DIP8)
Added Component: Designator=VT2(SOT23 (TO-236AB))
Added Component: Designator=VT3(DIP8)
Added Component: Designator=VT4(SOT23 (TO-236AB))
Added Component: Designator=VT5(SOT23 (TO-236AB))
Added Component: Designator=VT6(SOT23 (TO-236AB))
Added Component: Designator=VT7(SOT23 (TO-236AB))
Added Component: Designator=VT8(SOT23 (TO-236AB))
Added Component: Designator=VT9(SOT23 (TO-236AB))
Added Component: Designator=VT10(DIP8)
Added Component: Designator=VT11(DIP8)
Added Component: Designator=VT12(DIP8)
Added Component: Designator=VT13(SOT23 (TO-236AB))
Added Component: Designator=VT14(SOT23 (TO-236AB))
Added Component: Designator=VT15(SOT23 (TO-236AB))
Added Component: Designator=VT16(SOT23 (TO-236AB))
Added Component: Designator=VT17(DIP8)
Added Component: Designator=VT18(DIP8)
Added Component: Designator=VT19(DIP8)
Added Component: Designator=VT20(DIP8)
Added Component: Designator=VT21(SOT23 (TO-236AB))
Added Component: Designator=VT22(SOT23 (TO-236AB))
Added Component: Designator=VT23(SOT23 (TO-236AB))
Added Component: Designator=VT24(SOT23 (TO-236AB))
Added Component: Designator=VT25(SOT23 (TO-236AB))
Added Component: Designator=VT26(SOT23 (TO-236AB))
Added Component: Designator=VT27(SOT23 (TO-236AB))
Added Component: Designator=VT28(DIP8)
Added Component: Designator=VT29(DIP8)
Added Component: Designator=VT30(SOT23 (TO-236AB))
Added Component: Designator=VT31(DIP8)
Added Component: Designator=VT32(DIP8)
Added Component: Designator=VT33(SOT23 (TO-236AB))
Added Component: Designator=VT34(SOT23 (TO-236AB))
Added Component: Designator=VT35(SOT23 (TO-236AB))
Added Component: Designator=VT36(SOT23 (TO-236AB))
Added Component: Designator=XS1(IDC-06M)
Added Component: Designator=XS2(PLS-08R1)
Added Component: Designator=XS3(IDC-06M)
Added Component: Designator=XS4(IDC-06M)
Added Component: Designator=XT1(330-021-12)
Added Component: Designator=XT2(330-031-12)
Added Component: Designator=XT3(330-031-12)
Added Component: Designator=XT4(330-021-12)
Added Component: Designator=XT5(330-021-12)
Added Component: Designator=XT6(330-021-12)
Added Component: Designator=XT7(330-021-12)
Added Component: Designator=XT8(330-021-12)
Added Component: Designator=XT9(330-021-12)
Added Component: Designator=XT10(330-021-12)
Added Component: Designator=XT11(330-021-12)
Added Component: Designator=XT12(330-021-12)
Added Component: Designator=XT13(330-021-12)
Added Component: Designator=XT14(330-021-12)
Added Component: Designator=XT15(330-021-12)
Added Component: Designator=XT16(330-031-12)
Added Component: Designator=XT17(330-031-12)
Added Component: Designator=XT18(330-031-12)
Added Component: Designator=XT19(330-031-12)
Added Component: Designator=XT20(330-031-12)
Added Component: Designator=XT21(330-021-12)
Added Component: Designator=XT22(330-021-12)
Added Component: Designator=XT23(330-021-12)
Added Component: Designator=XT24(330-031-12)
Added Component: Designator=XT25(330-031-12)
Added Component: Designator=XT26(330-031-12)
Added Component: Designator=XT27(330-031-12)
Added Pin To Net: NetName=+5V Pin=C7-2
Added Pin To Net: NetName=+5V Pin=C31-2
Added Pin To Net: NetName=+5V Pin=C33-2
Added Pin To Net: NetName=+5V Pin=C34-2
Added Pin To Net: NetName=+5V Pin=C37-2
Added Pin To Net: NetName=+5V Pin=DA1-3
Added Pin To Net: NetName=+5V Pin=HL1-1
Added Pin To Net: NetName=+5V Pin=HL2-1
Added Pin To Net: NetName=+5V Pin=HL3-1
Added Pin To Net: NetName=+5V Pin=HL4-1
Added Pin To Net: NetName=+5V Pin=HL5-1
Added Pin To Net: NetName=+5V Pin=HL6-1
Added Pin To Net: NetName=+5V Pin=HL7-1
Added Pin To Net: NetName=+5V Pin=HL8-1
Added Pin To Net: NetName=+5V Pin=HL9-1
Added Pin To Net: NetName=+5V Pin=HL10-1
Added Pin To Net: NetName=+5V Pin=HL14-1
Added Pin To Net: NetName=+5V Pin=HL15-1
Added Pin To Net: NetName=+5V Pin=HL16-1
Added Pin To Net: NetName=+5V Pin=HL17-1
Added Pin To Net: NetName=+5V Pin=HL18-1
Added Pin To Net: NetName=+5V Pin=HL19-1
Added Pin To Net: NetName=+5V Pin=HL20-1
Added Pin To Net: NetName=+5V Pin=HL21-1
Added Pin To Net: NetName=+5V Pin=HL22-1
Added Pin To Net: NetName=+5V Pin=HL23-1
Added Pin To Net: NetName=+5V Pin=K1-1
Added Pin To Net: NetName=+5V Pin=K2-1
Added Pin To Net: NetName=+5V Pin=K3-1
Added Pin To Net: NetName=+5V Pin=K4-1
Added Pin To Net: NetName=+5V Pin=K5-1
Added Pin To Net: NetName=+5V Pin=K6-1
Added Pin To Net: NetName=+5V Pin=K7-1
Added Pin To Net: NetName=+5V Pin=K8-1
Added Pin To Net: NetName=+5V Pin=K10-1
Added Pin To Net: NetName=+5V Pin=K11-1
Added Pin To Net: NetName=+5V Pin=K12-1
Added Pin To Net: NetName=+5V Pin=K13-1
Added Pin To Net: NetName=+5V Pin=L1-1
Added Pin To Net: NetName=+5V Pin=L2-1
Added Pin To Net: NetName=+5V Pin=L3-1
Added Pin To Net: NetName=+5V Pin=L4-1
Added Pin To Net: NetName=+5V Pin=L5-1
Added Pin To Net: NetName=+5V Pin=L6-1
Added Pin To Net: NetName=+5V Pin=L7-1
Added Pin To Net: NetName=+5V Pin=L8-1
Added Pin To Net: NetName=+5V Pin=L9-1
Added Pin To Net: NetName=+5V Pin=L10-1
Added Pin To Net: NetName=+5V Pin=L11-1
Added Pin To Net: NetName=+5V Pin=L12-1
Added Pin To Net: NetName=+5V Pin=L13-1
Added Pin To Net: NetName=+5V Pin=L14-1
Added Pin To Net: NetName=+5V Pin=L15-1
Added Pin To Net: NetName=+5V Pin=L16-1
Added Pin To Net: NetName=+5V Pin=R1-2
Added Pin To Net: NetName=+5V Pin=R5-2
Added Pin To Net: NetName=+5V Pin=R15-2
Added Pin To Net: NetName=+5V Pin=R22-2
Added Pin To Net: NetName=+5V Pin=R23-2
Added Pin To Net: NetName=+5V Pin=R24-2
Added Pin To Net: NetName=+5V Pin=R36-2
Added Pin To Net: NetName=+5V Pin=R37-2
Added Pin To Net: NetName=+5V Pin=R38-2
Added Pin To Net: NetName=+5V Pin=R39-2
Added Pin To Net: NetName=+5V Pin=R45-2
Added Pin To Net: NetName=+5V Pin=R46-2
Added Pin To Net: NetName=+5V Pin=R47-2
Added Pin To Net: NetName=+5V Pin=R50-2
Added Pin To Net: NetName=+5V Pin=R51-2
Added Pin To Net: NetName=+5V Pin=R64-2
Added Pin To Net: NetName=+5V Pin=R66-2
Added Pin To Net: NetName=+5V Pin=R69-2
Added Pin To Net: NetName=+5V Pin=R71-2
Added Pin To Net: NetName=+5V Pin=VD1-K
Added Pin To Net: NetName=+5V Pin=VD2-K
Added Pin To Net: NetName=+5V Pin=VD3-K
Added Pin To Net: NetName=+5V Pin=VD4-K
Added Pin To Net: NetName=+5V Pin=VD5-K
Added Pin To Net: NetName=+5V Pin=VD6-K
Added Pin To Net: NetName=+5V Pin=VD7-K
Added Pin To Net: NetName=+5V Pin=VD8-K
Added Pin To Net: NetName=+5V Pin=VD16-K
Added Pin To Net: NetName=+5V Pin=VD17-K
Added Pin To Net: NetName=+5V Pin=VD18-K
Added Pin To Net: NetName=+5V Pin=VD19-K
Added Pin To Net: NetName=+5V Pin=XT2-1
Added Pin To Net: NetName=+5V Pin=XT3-1
Added Pin To Net: NetName=+5V Pin=XT5-1
Added Pin To Net: NetName=+5V Pin=XT16-1
Added Pin To Net: NetName=+5V Pin=XT17-1
Added Pin To Net: NetName=+5V Pin=XT18-1
Added Pin To Net: NetName=+5V Pin=XT19-1
Added Pin To Net: NetName=+5V Pin=XT20-1
Added Pin To Net: NetName=+5V Pin=XT24-1
Added Pin To Net: NetName=+5V Pin=XT25-1
Added Pin To Net: NetName=+5V Pin=XT26-1
Added Pin To Net: NetName=+5V Pin=XT27-1
Added Net: Name=+5V
Added Pin To Net: NetName=+12V Pin=K1-5
Added Pin To Net: NetName=+12V Pin=K2-5
Added Pin To Net: NetName=+12V Pin=K10-5
Added Pin To Net: NetName=+12V Pin=K11-5
Added Pin To Net: NetName=+12V Pin=XT15-1
Added Net: Name=+12V
Added Pin To Net: NetName=220V_N.C3 Pin=K5-4
Added Net: Name=220V_N.C3
Added Pin To Net: NetName=220V_N.C8 Pin=K7-4
Added Net: Name=220V_N.C8
Added Pin To Net: NetName=220V_N.C9 Pin=K8-4
Added Net: Name=220V_N.C9
Added Pin To Net: NetName=220V_N.C10 Pin=K3-4
Added Net: Name=220V_N.C10
Added Pin To Net: NetName=220V_N.C12 Pin=K4-4
Added Net: Name=220V_N.C12
Added Pin To Net: NetName=220V_N.C13 Pin=K6-4
Added Net: Name=220V_N.C13
Added Pin To Net: NetName=220V_N.C19 Pin=K12-4
Added Net: Name=220V_N.C19
Added Pin To Net: NetName=220V_N.C25 Pin=K9-4
Added Net: Name=220V_N.C25
Added Pin To Net: NetName=220V_N.C26 Pin=K13-4
Added Net: Name=220V_N.C26
Added Pin To Net: NetName=220V_N.O3 Pin=K5-3
Added Pin To Net: NetName=220V_N.O3 Pin=XT9-1
Added Net: Name=220V_N.O3
Added Pin To Net: NetName=220V_N.O8 Pin=K7-3
Added Pin To Net: NetName=220V_N.O8 Pin=XT11-1
Added Net: Name=220V_N.O8
Added Pin To Net: NetName=220V_N.O9 Pin=K8-3
Added Pin To Net: NetName=220V_N.O9 Pin=XT12-1
Added Net: Name=220V_N.O9
Added Pin To Net: NetName=220V_N.O10 Pin=K3-3
Added Pin To Net: NetName=220V_N.O10 Pin=XT7-1
Added Net: Name=220V_N.O10
Added Pin To Net: NetName=220V_N.O11 Pin=K4-3
Added Pin To Net: NetName=220V_N.O11 Pin=XT8-1
Added Net: Name=220V_N.O11
Added Pin To Net: NetName=220V_N.O13 Pin=K6-3
Added Pin To Net: NetName=220V_N.O13 Pin=XT10-1
Added Net: Name=220V_N.O13
Added Pin To Net: NetName=220V_N.O19 Pin=K12-3
Added Pin To Net: NetName=220V_N.O19 Pin=XT22-1
Added Net: Name=220V_N.O19
Added Pin To Net: NetName=220V_N.O25 Pin=K9-3
Added Pin To Net: NetName=220V_N.O25 Pin=XT13-1
Added Net: Name=220V_N.O25
Added Pin To Net: NetName=220V_N.O26 Pin=K13-3
Added Pin To Net: NetName=220V_N.O26 Pin=XT23-1
Added Net: Name=220V_N.O26
Added Pin To Net: NetName=220V_ZERO3 Pin=K5-5
Added Pin To Net: NetName=220V_ZERO3 Pin=XT9-2
Added Net: Name=220V_ZERO3
Added Pin To Net: NetName=220V_ZERO8 Pin=K7-5
Added Pin To Net: NetName=220V_ZERO8 Pin=XT11-2
Added Net: Name=220V_ZERO8
Added Pin To Net: NetName=220V_ZERO9 Pin=K8-5
Added Pin To Net: NetName=220V_ZERO9 Pin=XT12-2
Added Net: Name=220V_ZERO9
Added Pin To Net: NetName=220V_ZERO10 Pin=K3-5
Added Pin To Net: NetName=220V_ZERO10 Pin=XT7-2
Added Net: Name=220V_ZERO10
Added Pin To Net: NetName=220V_ZERO11 Pin=K4-5
Added Pin To Net: NetName=220V_ZERO11 Pin=XT8-2
Added Net: Name=220V_ZERO11
Added Pin To Net: NetName=220V_ZERO13 Pin=K6-5
Added Pin To Net: NetName=220V_ZERO13 Pin=XT10-2
Added Net: Name=220V_ZERO13
Added Pin To Net: NetName=220V_ZERO19 Pin=K12-5
Added Pin To Net: NetName=220V_ZERO19 Pin=XT22-2
Added Net: Name=220V_ZERO19
Added Pin To Net: NetName=220V_ZERO25 Pin=K9-5
Added Pin To Net: NetName=220V_ZERO25 Pin=XT13-2
Added Net: Name=220V_ZERO25
Added Pin To Net: NetName=220V_ZERO26 Pin=K13-5
Added Pin To Net: NetName=220V_ZERO26 Pin=XT23-2
Added Net: Name=220V_ZERO26
Added Pin To Net: NetName=ACMOTOR_FORWARD Pin=DD2-41
Added Pin To Net: NetName=ACMOTOR_FORWARD Pin=R62-1
Added Net: Name=ACMOTOR_FORWARD
Added Pin To Net: NetName=ACMOTOR_REVERSE Pin=DD2-42
Added Pin To Net: NetName=ACMOTOR_REVERSE Pin=R70-1
Added Net: Name=ACMOTOR_REVERSE
Added Pin To Net: NetName=AGND Pin=C12-1
Added Pin To Net: NetName=AGND Pin=C13-1
Added Pin To Net: NetName=AGND Pin=C17-1
Added Pin To Net: NetName=AGND Pin=C18-1
Added Pin To Net: NetName=AGND Pin=C22-1
Added Pin To Net: NetName=AGND Pin=C23-1
Added Pin To Net: NetName=AGND Pin=C31-1
Added Pin To Net: NetName=AGND Pin=C33-1
Added Pin To Net: NetName=AGND Pin=C34-1
Added Pin To Net: NetName=AGND Pin=C37-1
Added Pin To Net: NetName=AGND Pin=DD1-28
Added Pin To Net: NetName=AGND Pin=DD2-28
Added Pin To Net: NetName=AGND Pin=DD3-28
Added Pin To Net: NetName=AGND Pin=XT4-2
Added Pin To Net: NetName=AGND Pin=XT6-2
Added Pin To Net: NetName=AGND Pin=XT24-2
Added Pin To Net: NetName=AGND Pin=XT25-2
Added Pin To Net: NetName=AGND Pin=XT26-2
Added Pin To Net: NetName=AGND Pin=XT27-2
Added Net: Name=AGND
Added Pin To Net: NetName=CURRENT_SENS1 Pin=DD3-37
Added Pin To Net: NetName=CURRENT_SENS1 Pin=XT24-3
Added Net: Name=CURRENT_SENS1
Added Pin To Net: NetName=CURRENT_SENS2 Pin=DD3-36
Added Pin To Net: NetName=CURRENT_SENS2 Pin=XT25-3
Added Net: Name=CURRENT_SENS2
Added Pin To Net: NetName=CURRENT_SENS3 Pin=DD3-35
Added Pin To Net: NetName=CURRENT_SENS3 Pin=XT26-3
Added Net: Name=CURRENT_SENS3
Added Pin To Net: NetName=CURRENT_SENS4 Pin=DD3-34
Added Pin To Net: NetName=CURRENT_SENS4 Pin=XT27-3
Added Net: Name=CURRENT_SENS4
Added Pin To Net: NetName=DCMOTOR2_FORWARD Pin=DD2-44
Added Pin To Net: NetName=DCMOTOR2_FORWARD Pin=R61-1
Added Net: Name=DCMOTOR2_FORWARD
Added Pin To Net: NetName=DCMOTOR2_REVERSE Pin=DD2-43
Added Pin To Net: NetName=DCMOTOR2_REVERSE Pin=R68-1
Added Net: Name=DCMOTOR2_REVERSE
Added Pin To Net: NetName=DCMOTOR_FORWARD Pin=DD1-9
Added Pin To Net: NetName=DCMOTOR_FORWARD Pin=R3-1
Added Net: Name=DCMOTOR_FORWARD
Added Pin To Net: NetName=DCMOTOR_REVERSE Pin=DD1-10
Added Pin To Net: NetName=DCMOTOR_REVERSE Pin=R9-1
Added Net: Name=DCMOTOR_REVERSE
Added Pin To Net: NetName=GND Pin=C1-2
Added Pin To Net: NetName=GND Pin=C2-2
Added Pin To Net: NetName=GND Pin=C3-2
Added Pin To Net: NetName=GND Pin=C4-2
Added Pin To Net: NetName=GND Pin=C5-2
Added Pin To Net: NetName=GND Pin=C6-1
Added Pin To Net: NetName=GND Pin=C7-1
Added Pin To Net: NetName=GND Pin=C8-1
Added Pin To Net: NetName=GND Pin=C9-1
Added Pin To Net: NetName=GND Pin=C10-1
Added Pin To Net: NetName=GND Pin=C11-1
Added Pin To Net: NetName=GND Pin=C14-1
Added Pin To Net: NetName=GND Pin=C15-1
Added Pin To Net: NetName=GND Pin=C16-1
Added Pin To Net: NetName=GND Pin=C19-1
Added Pin To Net: NetName=GND Pin=C20-1
Added Pin To Net: NetName=GND Pin=C21-1
Added Pin To Net: NetName=GND Pin=C24-2
Added Pin To Net: NetName=GND Pin=C25-2
Added Pin To Net: NetName=GND Pin=C26-2
Added Pin To Net: NetName=GND Pin=C27-2
Added Pin To Net: NetName=GND Pin=C28-2
Added Pin To Net: NetName=GND Pin=C29-2
Added Pin To Net: NetName=GND Pin=C30-2
Added Pin To Net: NetName=GND Pin=C32-2
Added Pin To Net: NetName=GND Pin=C35-2
Added Pin To Net: NetName=GND Pin=C36-2
Added Pin To Net: NetName=GND Pin=DA1-4
Added Pin To Net: NetName=GND Pin=DA1-5
Added Pin To Net: NetName=GND Pin=DA1-6
Added Pin To Net: NetName=GND Pin=DD1-6
Added Pin To Net: NetName=GND Pin=DD1-18
Added Pin To Net: NetName=GND Pin=DD1-39
Added Pin To Net: NetName=GND Pin=DD2-6
Added Pin To Net: NetName=GND Pin=DD2-18
Added Pin To Net: NetName=GND Pin=DD2-39
Added Pin To Net: NetName=GND Pin=DD3-6
Added Pin To Net: NetName=GND Pin=DD3-18
Added Pin To Net: NetName=GND Pin=DD3-39
Added Pin To Net: NetName=GND Pin=HL12-2
Added Pin To Net: NetName=GND Pin=HL13-2
Added Pin To Net: NetName=GND Pin=K1-4
Added Pin To Net: NetName=GND Pin=K2-4
Added Pin To Net: NetName=GND Pin=K10-4
Added Pin To Net: NetName=GND Pin=K11-4
Added Pin To Net: NetName=GND Pin=R2-2
Added Pin To Net: NetName=GND Pin=R7-2
Added Pin To Net: NetName=GND Pin=R8-2
Added Pin To Net: NetName=GND Pin=R12-2
Added Pin To Net: NetName=GND Pin=R16-2
Added Pin To Net: NetName=GND Pin=R17-2
Added Pin To Net: NetName=GND Pin=R18-2
Added Pin To Net: NetName=GND Pin=R28-2
Added Pin To Net: NetName=GND Pin=R29-2
Added Pin To Net: NetName=GND Pin=R30-2
Added Pin To Net: NetName=GND Pin=R31-2
Added Pin To Net: NetName=GND Pin=R55-2
Added Pin To Net: NetName=GND Pin=R57-2
Added Pin To Net: NetName=GND Pin=R60-2
Added Pin To Net: NetName=GND Pin=R65-2
Added Pin To Net: NetName=GND Pin=R74-2
Added Pin To Net: NetName=GND Pin=R75-2
Added Pin To Net: NetName=GND Pin=R77-2
Added Pin To Net: NetName=GND Pin=R79-2
Added Pin To Net: NetName=GND Pin=SA1-2
Added Pin To Net: NetName=GND Pin=SA1-2
Added Pin To Net: NetName=GND Pin=SA2-2
Added Pin To Net: NetName=GND Pin=SA2-2
Added Pin To Net: NetName=GND Pin=SA3-2
Added Pin To Net: NetName=GND Pin=SA3-2
Added Pin To Net: NetName=GND Pin=VD10-1
Added Pin To Net: NetName=GND Pin=VD11-A
Added Pin To Net: NetName=GND Pin=VD14-A
Added Pin To Net: NetName=GND Pin=VD15-A
Added Pin To Net: NetName=GND Pin=VT1-3
Added Pin To Net: NetName=GND Pin=VT1-5
Added Pin To Net: NetName=GND Pin=VT2-2
Added Pin To Net: NetName=GND Pin=VT3-3
Added Pin To Net: NetName=GND Pin=VT3-5
Added Pin To Net: NetName=GND Pin=VT4-2
Added Pin To Net: NetName=GND Pin=VT5-2
Added Pin To Net: NetName=GND Pin=VT6-2
Added Pin To Net: NetName=GND Pin=VT7-2
Added Pin To Net: NetName=GND Pin=VT8-2
Added Pin To Net: NetName=GND Pin=VT9-2
Added Pin To Net: NetName=GND Pin=VT10-3
Added Pin To Net: NetName=GND Pin=VT10-5
Added Pin To Net: NetName=GND Pin=VT11-3
Added Pin To Net: NetName=GND Pin=VT11-5
Added Pin To Net: NetName=GND Pin=VT12-3
Added Pin To Net: NetName=GND Pin=VT12-5
Added Pin To Net: NetName=GND Pin=VT13-2
Added Pin To Net: NetName=GND Pin=VT14-2
Added Pin To Net: NetName=GND Pin=VT15-2
Added Pin To Net: NetName=GND Pin=VT16-2
Added Pin To Net: NetName=GND Pin=VT17-3
Added Pin To Net: NetName=GND Pin=VT17-5
Added Pin To Net: NetName=GND Pin=VT18-3
Added Pin To Net: NetName=GND Pin=VT18-5
Added Pin To Net: NetName=GND Pin=VT19-3
Added Pin To Net: NetName=GND Pin=VT19-5
Added Pin To Net: NetName=GND Pin=VT20-3
Added Pin To Net: NetName=GND Pin=VT20-5
Added Pin To Net: NetName=GND Pin=VT21-2
Added Pin To Net: NetName=GND Pin=VT22-2
Added Pin To Net: NetName=GND Pin=VT23-2
Added Pin To Net: NetName=GND Pin=VT24-2
Added Pin To Net: NetName=GND Pin=VT25-2
Added Pin To Net: NetName=GND Pin=VT26-2
Added Pin To Net: NetName=GND Pin=VT27-2
Added Pin To Net: NetName=GND Pin=VT28-3
Added Pin To Net: NetName=GND Pin=VT28-5
Added Pin To Net: NetName=GND Pin=VT29-3
Added Pin To Net: NetName=GND Pin=VT29-5
Added Pin To Net: NetName=GND Pin=VT30-2
Added Pin To Net: NetName=GND Pin=VT31-3
Added Pin To Net: NetName=GND Pin=VT31-5
Added Pin To Net: NetName=GND Pin=VT32-3
Added Pin To Net: NetName=GND Pin=VT32-5
Added Pin To Net: NetName=GND Pin=VT33-2
Added Pin To Net: NetName=GND Pin=VT34-2
Added Pin To Net: NetName=GND Pin=VT35-2
Added Pin To Net: NetName=GND Pin=VT36-2
Added Pin To Net: NetName=GND Pin=XS1-6
Added Pin To Net: NetName=GND Pin=XS2-8
Added Pin To Net: NetName=GND Pin=XS3-6
Added Pin To Net: NetName=GND Pin=XS4-6
Added Pin To Net: NetName=GND Pin=XT2-3
Added Pin To Net: NetName=GND Pin=XT3-3
Added Pin To Net: NetName=GND Pin=XT15-2
Added Pin To Net: NetName=GND Pin=XT16-3
Added Pin To Net: NetName=GND Pin=XT17-3
Added Pin To Net: NetName=GND Pin=XT18-3
Added Pin To Net: NetName=GND Pin=XT19-3
Added Pin To Net: NetName=GND Pin=XT20-3
Added Net: Name=GND
Added Pin To Net: NetName=HEATER1 Pin=DD1-44
Added Pin To Net: NetName=HEATER1 Pin=R25-1
Added Net: Name=HEATER1
Added Pin To Net: NetName=HEATER2 Pin=DD1-43
Added Pin To Net: NetName=HEATER2 Pin=R26-1
Added Net: Name=HEATER2
Added Pin To Net: NetName=HEATER3 Pin=DD1-42
Added Pin To Net: NetName=HEATER3 Pin=R27-1
Added Net: Name=HEATER3
Added Pin To Net: NetName=LIMIT_SWITCH1 Pin=DD1-11
Added Pin To Net: NetName=LIMIT_SWITCH1 Pin=XT2-2
Added Net: Name=LIMIT_SWITCH1
Added Pin To Net: NetName=LIMIT_SWITCH2 Pin=DD1-12
Added Pin To Net: NetName=LIMIT_SWITCH2 Pin=XT3-2
Added Net: Name=LIMIT_SWITCH2
Added Pin To Net: NetName=LIMIT_SWITCH3 Pin=DD2-12
Added Pin To Net: NetName=LIMIT_SWITCH3 Pin=XT16-2
Added Net: Name=LIMIT_SWITCH3
Added Pin To Net: NetName=LIMIT_SWITCH4 Pin=DD2-13
Added Pin To Net: NetName=LIMIT_SWITCH4 Pin=XT17-2
Added Net: Name=LIMIT_SWITCH4
Added Pin To Net: NetName=LIMIT_SWITCH5 Pin=DD2-14
Added Pin To Net: NetName=LIMIT_SWITCH5 Pin=XT18-2
Added Net: Name=LIMIT_SWITCH5
Added Pin To Net: NetName=LIMIT_SWITCH6 Pin=DD2-15
Added Pin To Net: NetName=LIMIT_SWITCH6 Pin=XT19-2
Added Net: Name=LIMIT_SWITCH6
Added Pin To Net: NetName=LIMIT_SWITCH7 Pin=DD2-16
Added Pin To Net: NetName=LIMIT_SWITCH7 Pin=XT20-2
Added Net: Name=LIMIT_SWITCH7
Added Pin To Net: NetName=MISO Pin=DD3-2
Added Pin To Net: NetName=MISO Pin=R81-1
Added Pin To Net: NetName=MISO Pin=XS4-1
Added Net: Name=MISO
Added Pin To Net: NetName=MOSI Pin=DD3-1
Added Pin To Net: NetName=MOSI Pin=R80-1
Added Pin To Net: NetName=MOSI Pin=XS4-4
Added Net: Name=MOSI
Added Pin To Net: NetName=NetBQ1_1 Pin=BQ1-1
Added Pin To Net: NetName=NetBQ1_1 Pin=C2-1
Added Pin To Net: NetName=NetBQ1_1 Pin=DD1-8
Added Net: Name=NetBQ1_1
Added Pin To Net: NetName=NetBQ1_2 Pin=BQ1-2
Added Pin To Net: NetName=NetBQ1_2 Pin=C1-1
Added Pin To Net: NetName=NetBQ1_2 Pin=DD1-7
Added Net: Name=NetBQ1_2
Added Pin To Net: NetName=NetBQ2_1 Pin=BQ2-1
Added Pin To Net: NetName=NetBQ2_1 Pin=C5-1
Added Pin To Net: NetName=NetBQ2_1 Pin=DD1-26
Added Net: Name=NetBQ2_1
Added Pin To Net: NetName=NetBQ2_2 Pin=BQ2-2
Added Pin To Net: NetName=NetBQ2_2 Pin=C4-1
Added Pin To Net: NetName=NetBQ2_2 Pin=DD1-25
Added Net: Name=NetBQ2_2
Added Pin To Net: NetName=NetBQ3_1 Pin=BQ3-1
Added Pin To Net: NetName=NetBQ3_1 Pin=C25-1
Added Pin To Net: NetName=NetBQ3_1 Pin=DD2-8
Added Net: Name=NetBQ3_1
Added Pin To Net: NetName=NetBQ3_2 Pin=BQ3-2
Added Pin To Net: NetName=NetBQ3_2 Pin=C24-1
Added Pin To Net: NetName=NetBQ3_2 Pin=DD2-7
Added Net: Name=NetBQ3_2
Added Pin To Net: NetName=NetBQ4_1 Pin=BQ4-1
Added Pin To Net: NetName=NetBQ4_1 Pin=C28-1
Added Pin To Net: NetName=NetBQ4_1 Pin=DD2-26
Added Net: Name=NetBQ4_1
Added Pin To Net: NetName=NetBQ4_2 Pin=BQ4-2
Added Pin To Net: NetName=NetBQ4_2 Pin=C27-1
Added Pin To Net: NetName=NetBQ4_2 Pin=DD2-25
Added Net: Name=NetBQ4_2
Added Pin To Net: NetName=NetBQ5_1 Pin=BQ5-1
Added Pin To Net: NetName=NetBQ5_1 Pin=C32-1
Added Pin To Net: NetName=NetBQ5_1 Pin=DD3-8
Added Net: Name=NetBQ5_1
Added Pin To Net: NetName=NetBQ5_2 Pin=BQ5-2
Added Pin To Net: NetName=NetBQ5_2 Pin=C29-1
Added Pin To Net: NetName=NetBQ5_2 Pin=DD3-7
Added Net: Name=NetBQ5_2
Added Pin To Net: NetName=NetBQ6_1 Pin=BQ6-1
Added Pin To Net: NetName=NetBQ6_1 Pin=C36-1
Added Pin To Net: NetName=NetBQ6_1 Pin=DD3-26
Added Net: Name=NetBQ6_1
Added Pin To Net: NetName=NetBQ6_2 Pin=BQ6-2
Added Pin To Net: NetName=NetBQ6_2 Pin=C35-1
Added Pin To Net: NetName=NetBQ6_2 Pin=DD3-25
Added Net: Name=NetBQ6_2
Added Pin To Net: NetName=NetC3_1 Pin=C3-1
Added Pin To Net: NetName=NetC3_1 Pin=L1-2
Added Pin To Net: NetName=NetC3_1 Pin=XS1-2
Added Net: Name=NetC3_1
Added Pin To Net: NetName=NetC6_2 Pin=C6-2
Added Pin To Net: NetName=NetC6_2 Pin=DA1-10
Added Pin To Net: NetName=NetC6_2 Pin=FU1-2
Added Pin To Net: NetName=NetC6_2 Pin=R44-2
Added Pin To Net: NetName=NetC6_2 Pin=VD10-2
Added Net: Name=NetC6_2
Added Pin To Net: NetName=NetC8_2 Pin=C8-2
Added Pin To Net: NetName=NetC8_2 Pin=DD1-5
Added Pin To Net: NetName=NetC8_2 Pin=L3-2
Added Net: Name=NetC8_2
Added Pin To Net: NetName=NetC9_2 Pin=C9-2
Added Pin To Net: NetName=NetC9_2 Pin=DD1-17
Added Pin To Net: NetName=NetC9_2 Pin=L4-2
Added Net: Name=NetC9_2
Added Pin To Net: NetName=NetC10_2 Pin=C10-2
Added Pin To Net: NetName=NetC10_2 Pin=DD1-38
Added Pin To Net: NetName=NetC10_2 Pin=L5-2
Added Net: Name=NetC10_2
Added Pin To Net: NetName=NetC11_2 Pin=C11-2
Added Pin To Net: NetName=NetC11_2 Pin=FU1-1
Added Pin To Net: NetName=NetC11_2 Pin=VD12-K
Added Pin To Net: NetName=NetC11_2 Pin=VD13-K
Added Net: Name=NetC11_2
Added Pin To Net: NetName=NetC12_2 Pin=C12-2
Added Pin To Net: NetName=NetC12_2 Pin=DD1-29
Added Net: Name=NetC12_2
Added Pin To Net: NetName=NetC13_2 Pin=C13-2
Added Pin To Net: NetName=NetC13_2 Pin=DD1-27
Added Pin To Net: NetName=NetC13_2 Pin=L6-2
Added Net: Name=NetC13_2
Added Pin To Net: NetName=NetC14_2 Pin=C14-2
Added Pin To Net: NetName=NetC14_2 Pin=DD2-5
Added Pin To Net: NetName=NetC14_2 Pin=L7-2
Added Net: Name=NetC14_2
Added Pin To Net: NetName=NetC15_2 Pin=C15-2
Added Pin To Net: NetName=NetC15_2 Pin=DD2-17
Added Pin To Net: NetName=NetC15_2 Pin=L8-2
Added Net: Name=NetC15_2
Added Pin To Net: NetName=NetC16_2 Pin=C16-2
Added Pin To Net: NetName=NetC16_2 Pin=DD2-38
Added Pin To Net: NetName=NetC16_2 Pin=L9-2
Added Net: Name=NetC16_2
Added Pin To Net: NetName=NetC17_2 Pin=C17-2
Added Pin To Net: NetName=NetC17_2 Pin=DD2-29
Added Net: Name=NetC17_2
Added Pin To Net: NetName=NetC18_2 Pin=C18-2
Added Pin To Net: NetName=NetC18_2 Pin=DD2-27
Added Pin To Net: NetName=NetC18_2 Pin=L10-2
Added Net: Name=NetC18_2
Added Pin To Net: NetName=NetC19_2 Pin=C19-2
Added Pin To Net: NetName=NetC19_2 Pin=DD3-5
Added Pin To Net: NetName=NetC19_2 Pin=L11-2
Added Net: Name=NetC19_2
Added Pin To Net: NetName=NetC20_2 Pin=C20-2
Added Pin To Net: NetName=NetC20_2 Pin=DD3-17
Added Pin To Net: NetName=NetC20_2 Pin=L12-2
Added Net: Name=NetC20_2
Added Pin To Net: NetName=NetC21_2 Pin=C21-2
Added Pin To Net: NetName=NetC21_2 Pin=DD3-38
Added Pin To Net: NetName=NetC21_2 Pin=L13-2
Added Net: Name=NetC21_2
Added Pin To Net: NetName=NetC22_2 Pin=C22-2
Added Pin To Net: NetName=NetC22_2 Pin=DD3-29
Added Net: Name=NetC22_2
Added Pin To Net: NetName=NetC23_2 Pin=C23-2
Added Pin To Net: NetName=NetC23_2 Pin=DD3-27
Added Pin To Net: NetName=NetC23_2 Pin=L14-2
Added Net: Name=NetC23_2
Added Pin To Net: NetName=NetC26_1 Pin=C26-1
Added Pin To Net: NetName=NetC26_1 Pin=L15-2
Added Pin To Net: NetName=NetC26_1 Pin=XS3-2
Added Net: Name=NetC26_1
Added Pin To Net: NetName=NetC30_1 Pin=C30-1
Added Pin To Net: NetName=NetC30_1 Pin=L16-2
Added Pin To Net: NetName=NetC30_1 Pin=XS4-2
Added Net: Name=NetC30_1
Added Pin To Net: NetName=NetDA1_12 Pin=DA1-12
Added Pin To Net: NetName=NetDA1_12 Pin=L2-2
Added Pin To Net: NetName=NetDA1_12 Pin=VD11-K
Added Net: Name=NetDA1_12
Added Pin To Net: NetName=NetDD1_1 Pin=DD1-1
Added Pin To Net: NetName=NetDD1_1 Pin=R13-1
Added Pin To Net: NetName=NetDD1_1 Pin=XS1-4
Added Net: Name=NetDD1_1
Added Pin To Net: NetName=NetDD1_2 Pin=DD1-2
Added Pin To Net: NetName=NetDD1_2 Pin=R14-1
Added Pin To Net: NetName=NetDD1_2 Pin=XS1-1
Added Net: Name=NetDD1_2
Added Pin To Net: NetName=NetDD1_3 Pin=DD1-3
Added Pin To Net: NetName=NetDD1_3 Pin=XS1-3
Added Net: Name=NetDD1_3
Added Pin To Net: NetName=NetDD1_4 Pin=DD1-4
Added Pin To Net: NetName=NetDD1_4 Pin=SA1-1
Added Pin To Net: NetName=NetDD1_4 Pin=SA1-1
Added Pin To Net: NetName=NetDD1_4 Pin=XS1-5
Added Net: Name=NetDD1_4
Added Pin To Net: NetName=NetDD1_19 Pin=DD1-19
Added Pin To Net: NetName=NetDD1_19 Pin=DD2-19
Added Pin To Net: NetName=NetDD1_19 Pin=DD3-19
Added Pin To Net: NetName=NetDD1_19 Pin=R46-1
Added Pin To Net: NetName=NetDD1_19 Pin=R48-2
Added Pin To Net: NetName=NetDD1_19 Pin=XS2-5
Added Net: Name=NetDD1_19
Added Pin To Net: NetName=NetDD1_20 Pin=DD1-20
Added Pin To Net: NetName=NetDD1_20 Pin=DD2-20
Added Pin To Net: NetName=NetDD1_20 Pin=DD3-20
Added Pin To Net: NetName=NetDD1_20 Pin=R47-1
Added Pin To Net: NetName=NetDD1_20 Pin=R49-2
Added Pin To Net: NetName=NetDD1_20 Pin=XS2-6
Added Net: Name=NetDD1_20
Added Pin To Net: NetName=NetDD2_1 Pin=DD2-1
Added Pin To Net: NetName=NetDD2_1 Pin=R58-1
Added Pin To Net: NetName=NetDD2_1 Pin=XS3-4
Added Net: Name=NetDD2_1
Added Pin To Net: NetName=NetDD2_2 Pin=DD2-2
Added Pin To Net: NetName=NetDD2_2 Pin=R59-1
Added Pin To Net: NetName=NetDD2_2 Pin=XS3-1
Added Net: Name=NetDD2_2
Added Pin To Net: NetName=NetDD2_3 Pin=DD2-3
Added Pin To Net: NetName=NetDD2_3 Pin=XS3-3
Added Net: Name=NetDD2_3
Added Pin To Net: NetName=NetDD2_4 Pin=DD2-4
Added Pin To Net: NetName=NetDD2_4 Pin=SA2-1
Added Pin To Net: NetName=NetDD2_4 Pin=SA2-1
Added Pin To Net: NetName=NetDD2_4 Pin=XS3-5
Added Net: Name=NetDD2_4
Added Pin To Net: NetName=NetDD3_12 Pin=DD3-12
Added Pin To Net: NetName=NetDD3_12 Pin=XS2-7
Added Net: Name=NetDD3_12
Added Pin To Net: NetName=NetDD3_13 Pin=DD3-13
Added Pin To Net: NetName=NetDD3_13 Pin=XS2-3
Added Net: Name=NetDD3_13
Added Pin To Net: NetName=NetDD3_14 Pin=DD3-14
Added Pin To Net: NetName=NetDD3_14 Pin=XS2-4
Added Net: Name=NetDD3_14
Added Pin To Net: NetName=NetHL1_2 Pin=HL1-2
Added Pin To Net: NetName=NetHL1_2 Pin=R4-2
Added Net: Name=NetHL1_2
Added Pin To Net: NetName=NetHL2_2 Pin=HL2-2
Added Pin To Net: NetName=NetHL2_2 Pin=R6-2
Added Net: Name=NetHL2_2
Added Pin To Net: NetName=NetHL3_2 Pin=HL3-2
Added Pin To Net: NetName=NetHL3_2 Pin=R10-2
Added Net: Name=NetHL3_2
Added Pin To Net: NetName=NetHL4_2 Pin=HL4-2
Added Pin To Net: NetName=NetHL4_2 Pin=R11-2
Added Net: Name=NetHL4_2
Added Pin To Net: NetName=NetHL5_2 Pin=HL5-2
Added Pin To Net: NetName=NetHL5_2 Pin=R19-2
Added Net: Name=NetHL5_2
Added Pin To Net: NetName=NetHL6_2 Pin=HL6-2
Added Pin To Net: NetName=NetHL6_2 Pin=R20-2
Added Net: Name=NetHL6_2
Added Pin To Net: NetName=NetHL7_2 Pin=HL7-2
Added Pin To Net: NetName=NetHL7_2 Pin=R21-2
Added Net: Name=NetHL7_2
Added Pin To Net: NetName=NetHL8_2 Pin=HL8-2
Added Pin To Net: NetName=NetHL8_2 Pin=R32-2
Added Net: Name=NetHL8_2
Added Pin To Net: NetName=NetHL9_2 Pin=HL9-2
Added Pin To Net: NetName=NetHL9_2 Pin=R33-2
Added Net: Name=NetHL9_2
Added Pin To Net: NetName=NetHL10_2 Pin=HL10-2
Added Pin To Net: NetName=NetHL10_2 Pin=R34-2
Added Net: Name=NetHL10_2
Added Pin To Net: NetName=NetHL11_1 Pin=HL11-1
Added Pin To Net: NetName=NetHL11_1 Pin=K9-1
Added Pin To Net: NetName=NetHL11_1 Pin=VD9-K
Added Net: Name=NetHL11_1
Added Pin To Net: NetName=NetHL11_2 Pin=HL11-2
Added Pin To Net: NetName=NetHL11_2 Pin=R35-2
Added Net: Name=NetHL11_2
Added Pin To Net: NetName=NetHL12_1 Pin=HL12-1
Added Pin To Net: NetName=NetHL12_1 Pin=R44-1
Added Net: Name=NetHL12_1
Added Pin To Net: NetName=NetHL13_1 Pin=HL13-1
Added Pin To Net: NetName=NetHL13_1 Pin=R45-1
Added Net: Name=NetHL13_1
Added Pin To Net: NetName=NetHL14_2 Pin=HL14-2
Added Pin To Net: NetName=NetHL14_2 Pin=R52-2
Added Net: Name=NetHL14_2
Added Pin To Net: NetName=NetHL15_2 Pin=HL15-2
Added Pin To Net: NetName=NetHL15_2 Pin=R53-2
Added Net: Name=NetHL15_2
Added Pin To Net: NetName=NetHL16_2 Pin=HL16-2
Added Pin To Net: NetName=NetHL16_2 Pin=R54-2
Added Net: Name=NetHL16_2
Added Pin To Net: NetName=NetHL17_2 Pin=HL17-2
Added Pin To Net: NetName=NetHL17_2 Pin=R56-2
Added Net: Name=NetHL17_2
Added Pin To Net: NetName=NetHL18_2 Pin=HL18-2
Added Pin To Net: NetName=NetHL18_2 Pin=R63-2
Added Net: Name=NetHL18_2
Added Pin To Net: NetName=NetHL19_2 Pin=HL19-2
Added Pin To Net: NetName=NetHL19_2 Pin=R67-2
Added Net: Name=NetHL19_2
Added Pin To Net: NetName=NetHL20_2 Pin=HL20-2
Added Pin To Net: NetName=NetHL20_2 Pin=R73-2
Added Net: Name=NetHL20_2
Added Pin To Net: NetName=NetHL21_2 Pin=HL21-2
Added Pin To Net: NetName=NetHL21_2 Pin=R72-2
Added Net: Name=NetHL21_2
Added Pin To Net: NetName=NetHL22_2 Pin=HL22-2
Added Pin To Net: NetName=NetHL22_2 Pin=R76-2
Added Net: Name=NetHL22_2
Added Pin To Net: NetName=NetHL23_2 Pin=HL23-2
Added Pin To Net: NetName=NetHL23_2 Pin=R78-2
Added Net: Name=NetHL23_2
Added Pin To Net: NetName=NetK1_2 Pin=K1-2
Added Pin To Net: NetName=NetK1_2 Pin=R4-1
Added Pin To Net: NetName=NetK1_2 Pin=VD1-A
Added Pin To Net: NetName=NetK1_2 Pin=VT2-3
Added Net: Name=NetK1_2
Added Pin To Net: NetName=NetK1_3 Pin=K1-3
Added Pin To Net: NetName=NetK1_3 Pin=XT1-1
Added Net: Name=NetK1_3
Added Pin To Net: NetName=NetK2_2 Pin=K2-2
Added Pin To Net: NetName=NetK2_2 Pin=R11-1
Added Pin To Net: NetName=NetK2_2 Pin=VD2-A
Added Pin To Net: NetName=NetK2_2 Pin=VT5-3
Added Net: Name=NetK2_2
Added Pin To Net: NetName=NetK2_3 Pin=K2-3
Added Pin To Net: NetName=NetK2_3 Pin=XT1-2
Added Net: Name=NetK2_3
Added Pin To Net: NetName=NetK3_2 Pin=K3-2
Added Pin To Net: NetName=NetK3_2 Pin=R19-1
Added Pin To Net: NetName=NetK3_2 Pin=VD3-A
Added Pin To Net: NetName=NetK3_2 Pin=VT7-3
Added Net: Name=NetK3_2
Added Pin To Net: NetName=NetK4_2 Pin=K4-2
Added Pin To Net: NetName=NetK4_2 Pin=R20-1
Added Pin To Net: NetName=NetK4_2 Pin=VD4-A
Added Pin To Net: NetName=NetK4_2 Pin=VT8-3
Added Net: Name=NetK4_2
Added Pin To Net: NetName=NetK5_2 Pin=K5-2
Added Pin To Net: NetName=NetK5_2 Pin=R21-1
Added Pin To Net: NetName=NetK5_2 Pin=VD5-A
Added Pin To Net: NetName=NetK5_2 Pin=VT9-3
Added Net: Name=NetK5_2
Added Pin To Net: NetName=NetK6_2 Pin=K6-2
Added Pin To Net: NetName=NetK6_2 Pin=R32-1
Added Pin To Net: NetName=NetK6_2 Pin=VD6-A
Added Pin To Net: NetName=NetK6_2 Pin=VT13-3
Added Net: Name=NetK6_2
Added Pin To Net: NetName=NetK7_2 Pin=K7-2
Added Pin To Net: NetName=NetK7_2 Pin=R33-1
Added Pin To Net: NetName=NetK7_2 Pin=VD7-A
Added Pin To Net: NetName=NetK7_2 Pin=VT14-3
Added Net: Name=NetK7_2
Added Pin To Net: NetName=NetK8_2 Pin=K8-2
Added Pin To Net: NetName=NetK8_2 Pin=R34-1
Added Pin To Net: NetName=NetK8_2 Pin=VD8-A
Added Pin To Net: NetName=NetK8_2 Pin=VT15-3
Added Net: Name=NetK8_2
Added Pin To Net: NetName=NetK9_2 Pin=K9-2
Added Pin To Net: NetName=NetK9_2 Pin=R35-1
Added Pin To Net: NetName=NetK9_2 Pin=VD9-A
Added Pin To Net: NetName=NetK9_2 Pin=VT16-3
Added Net: Name=NetK9_2
Added Pin To Net: NetName=NetK10_2 Pin=K10-2
Added Pin To Net: NetName=NetK10_2 Pin=R63-1
Added Pin To Net: NetName=NetK10_2 Pin=VD16-A
Added Pin To Net: NetName=NetK10_2 Pin=VT27-3
Added Net: Name=NetK10_2
Added Pin To Net: NetName=NetK10_3 Pin=K10-3
Added Pin To Net: NetName=NetK10_3 Pin=XT21-1
Added Net: Name=NetK10_3
Added Pin To Net: NetName=NetK11_2 Pin=K11-2
Added Pin To Net: NetName=NetK11_2 Pin=R67-1
Added Pin To Net: NetName=NetK11_2 Pin=VD17-A
Added Pin To Net: NetName=NetK11_2 Pin=VT30-3
Added Net: Name=NetK11_2
Added Pin To Net: NetName=NetK11_3 Pin=K11-3
Added Pin To Net: NetName=NetK11_3 Pin=XT21-2
Added Net: Name=NetK11_3
Added Pin To Net: NetName=NetK12_2 Pin=K12-2
Added Pin To Net: NetName=NetK12_2 Pin=R72-1
Added Pin To Net: NetName=NetK12_2 Pin=VD18-A
Added Pin To Net: NetName=NetK12_2 Pin=VT33-3
Added Net: Name=NetK12_2
Added Pin To Net: NetName=NetK13_2 Pin=K13-2
Added Pin To Net: NetName=NetK13_2 Pin=R73-1
Added Pin To Net: NetName=NetK13_2 Pin=VD19-A
Added Pin To Net: NetName=NetK13_2 Pin=VT34-3
Added Net: Name=NetK13_2
Added Pin To Net: NetName=NetR1_1 Pin=R1-1
Added Pin To Net: NetName=NetR1_1 Pin=VT1-8
Added Net: Name=NetR1_1
Added Pin To Net: NetName=NetR2_1 Pin=R2-1
Added Pin To Net: NetName=NetR2_1 Pin=VT1-7
Added Pin To Net: NetName=NetR2_1 Pin=VT2-1
Added Net: Name=NetR2_1
Added Pin To Net: NetName=NetR3_2 Pin=R3-2
Added Pin To Net: NetName=NetR3_2 Pin=VT1-2
Added Net: Name=NetR3_2
Added Pin To Net: NetName=NetR5_1 Pin=R5-1
Added Pin To Net: NetName=NetR5_1 Pin=VT3-8
Added Net: Name=NetR5_1
Added Pin To Net: NetName=NetR6_1 Pin=R6-1
Added Pin To Net: NetName=NetR6_1 Pin=VT4-3
Added Net: Name=NetR6_1
Added Pin To Net: NetName=NetR7_1 Pin=R7-1
Added Pin To Net: NetName=NetR7_1 Pin=R13-2
Added Pin To Net: NetName=NetR7_1 Pin=VT4-1
Added Net: Name=NetR7_1
Added Pin To Net: NetName=NetR8_1 Pin=R8-1
Added Pin To Net: NetName=NetR8_1 Pin=VT3-7
Added Pin To Net: NetName=NetR8_1 Pin=VT5-1
Added Net: Name=NetR8_1
Added Pin To Net: NetName=NetR9_2 Pin=R9-2
Added Pin To Net: NetName=NetR9_2 Pin=VT3-2
Added Net: Name=NetR9_2
Added Pin To Net: NetName=NetR10_1 Pin=R10-1
Added Pin To Net: NetName=NetR10_1 Pin=VT6-3
Added Net: Name=NetR10_1
Added Pin To Net: NetName=NetR12_1 Pin=R12-1
Added Pin To Net: NetName=NetR12_1 Pin=R14-2
Added Pin To Net: NetName=NetR12_1 Pin=VT6-1
Added Net: Name=NetR12_1
Added Pin To Net: NetName=NetR16_1 Pin=R16-1
Added Pin To Net: NetName=NetR16_1 Pin=VT7-1
Added Pin To Net: NetName=NetR16_1 Pin=VT10-7
Added Net: Name=NetR16_1
Added Pin To Net: NetName=NetR17_1 Pin=R17-1
Added Pin To Net: NetName=NetR17_1 Pin=VT8-1
Added Pin To Net: NetName=NetR17_1 Pin=VT11-7
Added Net: Name=NetR17_1
Added Pin To Net: NetName=NetR18_1 Pin=R18-1
Added Pin To Net: NetName=NetR18_1 Pin=VT9-1
Added Pin To Net: NetName=NetR18_1 Pin=VT12-7
Added Net: Name=NetR18_1
Added Pin To Net: NetName=NetR22_1 Pin=R22-1
Added Pin To Net: NetName=NetR22_1 Pin=VT10-8
Added Net: Name=NetR22_1
Added Pin To Net: NetName=NetR23_1 Pin=R23-1
Added Pin To Net: NetName=NetR23_1 Pin=VT11-8
Added Net: Name=NetR23_1
Added Pin To Net: NetName=NetR24_1 Pin=R24-1
Added Pin To Net: NetName=NetR24_1 Pin=VT12-8
Added Net: Name=NetR24_1
Added Pin To Net: NetName=NetR25_2 Pin=R25-2
Added Pin To Net: NetName=NetR25_2 Pin=VT10-2
Added Net: Name=NetR25_2
Added Pin To Net: NetName=NetR26_2 Pin=R26-2
Added Pin To Net: NetName=NetR26_2 Pin=VT11-2
Added Net: Name=NetR26_2
Added Pin To Net: NetName=NetR27_2 Pin=R27-2
Added Pin To Net: NetName=NetR27_2 Pin=VT12-2
Added Net: Name=NetR27_2
Added Pin To Net: NetName=NetR28_1 Pin=R28-1
Added Pin To Net: NetName=NetR28_1 Pin=VT13-1
Added Pin To Net: NetName=NetR28_1 Pin=VT17-7
Added Net: Name=NetR28_1
Added Pin To Net: NetName=NetR29_1 Pin=R29-1
Added Pin To Net: NetName=NetR29_1 Pin=VT14-1
Added Pin To Net: NetName=NetR29_1 Pin=VT18-7
Added Net: Name=NetR29_1
Added Pin To Net: NetName=NetR30_1 Pin=R30-1
Added Pin To Net: NetName=NetR30_1 Pin=VT15-1
Added Pin To Net: NetName=NetR30_1 Pin=VT19-7
Added Net: Name=NetR30_1
Added Pin To Net: NetName=NetR31_1 Pin=R31-1
Added Pin To Net: NetName=NetR31_1 Pin=VT16-1
Added Pin To Net: NetName=NetR31_1 Pin=VT20-7
Added Net: Name=NetR31_1
Added Pin To Net: NetName=NetR36_1 Pin=R36-1
Added Pin To Net: NetName=NetR36_1 Pin=VT17-8
Added Net: Name=NetR36_1
Added Pin To Net: NetName=NetR37_1 Pin=R37-1
Added Pin To Net: NetName=NetR37_1 Pin=VT18-8
Added Net: Name=NetR37_1
Added Pin To Net: NetName=NetR38_1 Pin=R38-1
Added Pin To Net: NetName=NetR38_1 Pin=VT19-8
Added Net: Name=NetR38_1
Added Pin To Net: NetName=NetR39_1 Pin=R39-1
Added Pin To Net: NetName=NetR39_1 Pin=VT20-8
Added Net: Name=NetR39_1
Added Pin To Net: NetName=NetR40_2 Pin=R40-2
Added Pin To Net: NetName=NetR40_2 Pin=VT17-2
Added Net: Name=NetR40_2
Added Pin To Net: NetName=NetR41_2 Pin=R41-2
Added Pin To Net: NetName=NetR41_2 Pin=VT18-2
Added Net: Name=NetR41_2
Added Pin To Net: NetName=NetR42_2 Pin=R42-2
Added Pin To Net: NetName=NetR42_2 Pin=VT19-2
Added Net: Name=NetR42_2
Added Pin To Net: NetName=NetR43_2 Pin=R43-2
Added Pin To Net: NetName=NetR43_2 Pin=VT20-2
Added Net: Name=NetR43_2
Added Pin To Net: NetName=NetR48_1 Pin=R48-1
Added Pin To Net: NetName=NetR48_1 Pin=VT21-1
Added Net: Name=NetR48_1
Added Pin To Net: NetName=NetR49_1 Pin=R49-1
Added Pin To Net: NetName=NetR49_1 Pin=VT22-1
Added Net: Name=NetR49_1
Added Pin To Net: NetName=NetR50_1 Pin=R50-1
Added Pin To Net: NetName=NetR50_1 Pin=VT21-3
Added Pin To Net: NetName=NetR50_1 Pin=VT23-1
Added Net: Name=NetR50_1
Added Pin To Net: NetName=NetR51_1 Pin=R51-1
Added Pin To Net: NetName=NetR51_1 Pin=VT22-3
Added Pin To Net: NetName=NetR51_1 Pin=VT24-1
Added Net: Name=NetR51_1
Added Pin To Net: NetName=NetR52_1 Pin=R52-1
Added Pin To Net: NetName=NetR52_1 Pin=VT23-3
Added Net: Name=NetR52_1
Added Pin To Net: NetName=NetR53_1 Pin=R53-1
Added Pin To Net: NetName=NetR53_1 Pin=VT24-3
Added Net: Name=NetR53_1
Added Pin To Net: NetName=NetR54_1 Pin=R54-1
Added Pin To Net: NetName=NetR54_1 Pin=VT25-3
Added Net: Name=NetR54_1
Added Pin To Net: NetName=NetR55_1 Pin=R55-1
Added Pin To Net: NetName=NetR55_1 Pin=R58-2
Added Pin To Net: NetName=NetR55_1 Pin=VT25-1
Added Net: Name=NetR55_1
Added Pin To Net: NetName=NetR56_1 Pin=R56-1
Added Pin To Net: NetName=NetR56_1 Pin=VT26-3
Added Net: Name=NetR56_1
Added Pin To Net: NetName=NetR57_1 Pin=R57-1
Added Pin To Net: NetName=NetR57_1 Pin=R59-2
Added Pin To Net: NetName=NetR57_1 Pin=VT26-1
Added Net: Name=NetR57_1
Added Pin To Net: NetName=NetR60_1 Pin=R60-1
Added Pin To Net: NetName=NetR60_1 Pin=VT27-1
Added Pin To Net: NetName=NetR60_1 Pin=VT28-7
Added Net: Name=NetR60_1
Added Pin To Net: NetName=NetR61_2 Pin=R61-2
Added Pin To Net: NetName=NetR61_2 Pin=VT28-2
Added Net: Name=NetR61_2
Added Pin To Net: NetName=NetR62_2 Pin=R62-2
Added Pin To Net: NetName=NetR62_2 Pin=VT29-2
Added Net: Name=NetR62_2
Added Pin To Net: NetName=NetR64_1 Pin=R64-1
Added Pin To Net: NetName=NetR64_1 Pin=VT28-8
Added Net: Name=NetR64_1
Added Pin To Net: NetName=NetR65_1 Pin=R65-1
Added Pin To Net: NetName=NetR65_1 Pin=VT30-1
Added Pin To Net: NetName=NetR65_1 Pin=VT32-7
Added Net: Name=NetR65_1
Added Pin To Net: NetName=NetR66_1 Pin=R66-1
Added Pin To Net: NetName=NetR66_1 Pin=VT31-8
Added Net: Name=NetR66_1
Added Pin To Net: NetName=NetR68_2 Pin=R68-2
Added Pin To Net: NetName=NetR68_2 Pin=VT32-2
Added Net: Name=NetR68_2
Added Pin To Net: NetName=NetR69_1 Pin=R69-1
Added Pin To Net: NetName=NetR69_1 Pin=VT29-8
Added Net: Name=NetR69_1
Added Pin To Net: NetName=NetR70_2 Pin=R70-2
Added Pin To Net: NetName=NetR70_2 Pin=VT31-2
Added Net: Name=NetR70_2
Added Pin To Net: NetName=NetR71_1 Pin=R71-1
Added Pin To Net: NetName=NetR71_1 Pin=VT32-8
Added Net: Name=NetR71_1
Added Pin To Net: NetName=NetR74_1 Pin=R74-1
Added Pin To Net: NetName=NetR74_1 Pin=VT29-7
Added Pin To Net: NetName=NetR74_1 Pin=VT33-1
Added Net: Name=NetR74_1
Added Pin To Net: NetName=NetR75_1 Pin=R75-1
Added Pin To Net: NetName=NetR75_1 Pin=VT31-7
Added Pin To Net: NetName=NetR75_1 Pin=VT34-1
Added Net: Name=NetR75_1
Added Pin To Net: NetName=NetR76_1 Pin=R76-1
Added Pin To Net: NetName=NetR76_1 Pin=VT35-3
Added Net: Name=NetR76_1
Added Pin To Net: NetName=NetR77_1 Pin=R77-1
Added Pin To Net: NetName=NetR77_1 Pin=R80-2
Added Pin To Net: NetName=NetR77_1 Pin=VT35-1
Added Net: Name=NetR77_1
Added Pin To Net: NetName=NetR78_1 Pin=R78-1
Added Pin To Net: NetName=NetR78_1 Pin=VT36-3
Added Net: Name=NetR78_1
Added Pin To Net: NetName=NetR79_1 Pin=R79-1
Added Pin To Net: NetName=NetR79_1 Pin=R81-2
Added Pin To Net: NetName=NetR79_1 Pin=VT36-1
Added Net: Name=NetR79_1
Added Pin To Net: NetName=PRESSURE_N Pin=DD1-35
Added Pin To Net: NetName=PRESSURE_N Pin=XT6-1
Added Net: Name=PRESSURE_N
Added Pin To Net: NetName=PRESSURE_P Pin=DD1-36
Added Pin To Net: NetName=PRESSURE_P Pin=XT5-2
Added Net: Name=PRESSURE_P
Added Pin To Net: NetName=RESET Pin=DD3-4
Added Pin To Net: NetName=RESET Pin=SA3-1
Added Pin To Net: NetName=RESET Pin=SA3-1
Added Pin To Net: NetName=RESET Pin=XS4-5
Added Net: Name=RESET
Added Pin To Net: NetName=SCK Pin=DD3-3
Added Pin To Net: NetName=SCK Pin=XS4-3
Added Net: Name=SCK
Added Pin To Net: NetName=THERM_SENS Pin=DD1-37
Added Pin To Net: NetName=THERM_SENS Pin=R15-1
Added Pin To Net: NetName=THERM_SENS Pin=XT4-1
Added Net: Name=THERM_SENS
Added Pin To Net: NetName=VALVE1 Pin=DD1-13
Added Pin To Net: NetName=VALVE1 Pin=R40-1
Added Net: Name=VALVE1
Added Pin To Net: NetName=VALVE2 Pin=DD1-14
Added Pin To Net: NetName=VALVE2 Pin=R41-1
Added Net: Name=VALVE2
Added Pin To Net: NetName=VALVE3 Pin=DD1-15
Added Pin To Net: NetName=VALVE3 Pin=R42-1
Added Net: Name=VALVE3
Added Pin To Net: NetName=VALVE4 Pin=DD1-16
Added Pin To Net: NetName=VALVE4 Pin=R43-1
Added Net: Name=VALVE4
Added Pin To Net: NetName=~12V_PHASE Pin=VD12-A
Added Pin To Net: NetName=~12V_PHASE Pin=VD14-K
Added Pin To Net: NetName=~12V_PHASE Pin=XS2-1
Added Pin To Net: NetName=~12V_PHASE Pin=XT14-1
Added Net: Name=~12V_PHASE
Added Pin To Net: NetName=~12V_ZERO Pin=VD13-A
Added Pin To Net: NetName=~12V_ZERO Pin=VD15-K
Added Pin To Net: NetName=~12V_ZERO Pin=XS2-2
Added Pin To Net: NetName=~12V_ZERO Pin=XT14-2
Added Net: Name=~12V_ZERO
Added Class: Name=Master_unit
Added Class: Name=Power_unit
Added Class: Name=Spin_control_unit
Added Class: Name=TopSCH
Added Class: Name=U_heatersControl
Added Class: Name=U_valveontrol
Added Class: Name=Water_control_unit
Added Differential Pair: Name=PRESSURE
Added Room: Name=Master_unit
Added Room: Name=Power_unit
Added Room: Name=Spin_control_unit
Added Room: Name=TopSCH
Added Room: Name=U_heatersControl
Added Room: Name=U_valveontrol
Added Room: Name=Water_control_unit
