Replace Part HL3 LED1_R in C:\Users\tonik_000\OneDrive\Работа\Стиралка\Вода\heatersControl.SchDoc with LED1_R from Indicator.SchLib
Replace Part HL4 LED1_R in C:\Users\tonik_000\OneDrive\Работа\Стиралка\Вода\heatersControl.SchDoc with LED1_R from Indicator.SchLib
Replace Part HL5 LED1_R in C:\Users\tonik_000\OneDrive\Работа\Стиралка\Вода\heatersControl.SchDoc with LED1_R from Indicator.SchLib
Replace Part K3 TRU-5VDC-SB-CL in C:\Users\tonik_000\OneDrive\Работа\Стиралка\Вода\heatersControl.SchDoc with TRU-5VDC-SB-CL from Switch.SchLib
Replace Part K3 TRU-5VDC-SB-CL in C:\Users\tonik_000\OneDrive\Работа\Стиралка\Вода\heatersControl.SchDoc with TRU-5VDC-SB-CL from Switch.SchLib
Replace Part K4 TRU-5VDC-SB-CL in C:\Users\tonik_000\OneDrive\Работа\Стиралка\Вода\heatersControl.SchDoc with TRU-5VDC-SB-CL from Switch.SchLib
Replace Part K4 TRU-5VDC-SB-CL in C:\Users\tonik_000\OneDrive\Работа\Стиралка\Вода\heatersControl.SchDoc with TRU-5VDC-SB-CL from Switch.SchLib
Replace Part K5 TRU-5VDC-SB-CL in C:\Users\tonik_000\OneDrive\Работа\Стиралка\Вода\heatersControl.SchDoc with TRU-5VDC-SB-CL from Switch.SchLib
Replace Part K5 TRU-5VDC-SB-CL in C:\Users\tonik_000\OneDrive\Работа\Стиралка\Вода\heatersControl.SchDoc with TRU-5VDC-SB-CL from Switch.SchLib
Replace Part R8 Resistor in C:\Users\tonik_000\OneDrive\Работа\Стиралка\Вода\heatersControl.SchDoc with Resistor from library.DbLib
Replace Part R9 Resistor in C:\Users\tonik_000\OneDrive\Работа\Стиралка\Вода\heatersControl.SchDoc with Resistor from library.DbLib
Replace Part R10 Resistor in C:\Users\tonik_000\OneDrive\Работа\Стиралка\Вода\heatersControl.SchDoc with Resistor from library.DbLib
Replace Part R11 Resistor in C:\Users\tonik_000\OneDrive\Работа\Стиралка\Вода\heatersControl.SchDoc with Resistor from library.DbLib
Replace Part R12 Resistor in C:\Users\tonik_000\OneDrive\Работа\Стиралка\Вода\heatersControl.SchDoc with Resistor from library.DbLib
Replace Part R13 Resistor in C:\Users\tonik_000\OneDrive\Работа\Стиралка\Вода\heatersControl.SchDoc with Resistor from library.DbLib
Replace Part R14 Resistor in C:\Users\tonik_000\OneDrive\Работа\Стиралка\Вода\heatersControl.SchDoc with Resistor from library.DbLib
Replace Part R15 Resistor in C:\Users\tonik_000\OneDrive\Работа\Стиралка\Вода\heatersControl.SchDoc with Resistor from library.DbLib
Replace Part R16 Resistor in C:\Users\tonik_000\OneDrive\Работа\Стиралка\Вода\heatersControl.SchDoc with Resistor from library.DbLib
Replace Part VD3 1N4001 in C:\Users\tonik_000\OneDrive\Работа\Стиралка\Вода\heatersControl.SchDoc with 1N4001 from Diod.SchLib
Replace Part VD4 1N4001 in C:\Users\tonik_000\OneDrive\Работа\Стиралка\Вода\heatersControl.SchDoc with 1N4001 from Diod.SchLib
Replace Part VD5 1N4001 in C:\Users\tonik_000\OneDrive\Работа\Стиралка\Вода\heatersControl.SchDoc with 1N4001 from Diod.SchLib
Replace Part VT3 2N7002 n-MOSFET in C:\Users\tonik_000\OneDrive\Работа\Стиралка\Вода\heatersControl.SchDoc with 2N7002 n-MOSFET from Transistor.SchLib
Replace Part VT4 2N7002 n-MOSFET in C:\Users\tonik_000\OneDrive\Работа\Стиралка\Вода\heatersControl.SchDoc with 2N7002 n-MOSFET from Transistor.SchLib
Replace Part VT5 2N7002 n-MOSFET in C:\Users\tonik_000\OneDrive\Работа\Стиралка\Вода\heatersControl.SchDoc with 2N7002 n-MOSFET from Transistor.SchLib
