Change Component Designator: Old Designator=BQ5 New Designator=BQ?
Change Component Designator: Old Designator=BQ6 New Designator=BQ?
Change Component Designator: Old Designator=C29 New Designator=C?
Change Component Designator: Old Designator=C30 New Designator=C?
Change Component Designator: Old Designator=C31 New Designator=C?
Change Component Designator: Old Designator=C32 New Designator=C?
Change Component Designator: Old Designator=C33 New Designator=C?
Change Component Designator: Old Designator=C34 New Designator=C?
Change Component Designator: Old Designator=C35 New Designator=C?
Change Component Designator: Old Designator=C36 New Designator=C?
Change Component Designator: Old Designator=C37 New Designator=C?
Change Component Designator: Old Designator=DD3 New Designator=DD?
Change Component Designator: Old Designator=HL22 New Designator=HL?
Change Component Designator: Old Designator=HL23 New Designator=HL?
Change Component Designator: Old Designator=L16 New Designator=L?
Change Component Designator: Old Designator=R76 New Designator=R?
Change Component Designator: Old Designator=R77 New Designator=R?
Change Component Designator: Old Designator=R78 New Designator=R?
Change Component Designator: Old Designator=R79 New Designator=R?
Change Component Designator: Old Designator=R80 New Designator=R?
Change Component Designator: Old Designator=R81 New Designator=R?
Change Component Designator: Old Designator=SA3 New Designator=SA?
Change Component Designator: Old Designator=VT35 New Designator=VT?
Change Component Designator: Old Designator=VT36 New Designator=VT?
Change Component Designator: Old Designator=XS4 New Designator=XS?
Change Component Designator: Old Designator=XT25 New Designator=XT?
Change Component Designator: Old Designator=XT26 New Designator=XT?
Change Component Designator: Old Designator=XT27 New Designator=XT?
Change Component Designator: Old Designator=XT28 New Designator=XT?
