Change Component Designator: Old Designator=BQ? New Designator=BQ5
Change Component Designator: Old Designator=BQ? New Designator=BQ6
Change Component Designator: Old Designator=C? New Designator=C29
Change Component Designator: Old Designator=C? New Designator=C30
Change Component Designator: Old Designator=C? New Designator=C31
Change Component Designator: Old Designator=C? New Designator=C32
Change Component Designator: Old Designator=C? New Designator=C33
Change Component Designator: Old Designator=C? New Designator=C34
Change Component Designator: Old Designator=C? New Designator=C35
Change Component Designator: Old Designator=C? New Designator=C36
Change Component Designator: Old Designator=C? New Designator=C37
Change Component Designator: Old Designator=DD? New Designator=DD3
Change Component Designator: Old Designator=HL? New Designator=HL21
Change Component Designator: Old Designator=HL? New Designator=HL22
Change Component Designator: Old Designator=L? New Designator=L16
Change Component Designator: Old Designator=R? New Designator=R56
Change Component Designator: Old Designator=R? New Designator=R57
Change Component Designator: Old Designator=R? New Designator=R58
Change Component Designator: Old Designator=R? New Designator=R59
Change Component Designator: Old Designator=SA? New Designator=SA3
Change Component Designator: Old Designator=VT? New Designator=VT20
Change Component Designator: Old Designator=VT? New Designator=VT21
Change Component Designator: Old Designator=XS? New Designator=XS4
Change Component Designator: Old Designator=XT? New Designator=XT25
Change Component Designator: Old Designator=XT? New Designator=XT26
Change Component Designator: Old Designator=XT? New Designator=XT27
Change Component Designator: Old Designator=XT? New Designator=XT28
