Change Component Designator: Old Designator=BQ5 New Designator=BQ?
Change Component Designator: Old Designator=BQ6 New Designator=BQ?
Change Component Designator: Old Designator=C27 New Designator=C?
Change Component Designator: Old Designator=C28 New Designator=C?
Change Component Designator: Old Designator=C29 New Designator=C?
Change Component Designator: Old Designator=C30 New Designator=C?
Change Component Designator: Old Designator=C31 New Designator=C?
Change Component Designator: Old Designator=C32 New Designator=C?
Change Component Designator: Old Designator=C33 New Designator=C?
Change Component Designator: Old Designator=C34 New Designator=C?
Change Component Designator: Old Designator=C37 New Designator=C?
Change Component Designator: Old Designator=DD3 New Designator=DD?
Change Component Designator: Old Designator=HL19 New Designator=HL?
Change Component Designator: Old Designator=HL20 New Designator=HL?
Change Component Designator: Old Designator=L16 New Designator=L?
Change Component Designator: Old Designator=R52 New Designator=R?
Change Component Designator: Old Designator=R53 New Designator=R?
Change Component Designator: Old Designator=R54 New Designator=R?
Change Component Designator: Old Designator=R55 New Designator=R?
Change Component Designator: Old Designator=SA4 New Designator=SA?
Change Component Designator: Old Designator=VT19 New Designator=VT?
Change Component Designator: Old Designator=VT20 New Designator=VT?
Change Component Designator: Old Designator=XS8 New Designator=XS?
Change Component Designator: Old Designator=XT21 New Designator=XT?
Change Component Designator: Old Designator=XT22 New Designator=XT?
Change Component Designator: Old Designator=XT23 New Designator=XT?
Change Component Designator: Old Designator=XT24 New Designator=XT?
