Replace Part C5 220000_035 in C:\Users\tonik_000\OneDrive\Работа\Стиралка\Вода\Power_SCH.SchDoc with 220000_035 from Cap.SchLib
Replace Part C6 Capacitor in C:\Users\tonik_000\OneDrive\Работа\Стиралка\Вода\Power_SCH.SchDoc with Capacitor from library.DbLib
Replace Part C7 Capacitor in C:\Users\tonik_000\OneDrive\Работа\Стиралка\Вода\Power_SCH.SchDoc with Capacitor from library.DbLib
Replace Part C8 Capacitor in C:\Users\tonik_000\OneDrive\Работа\Стиралка\Вода\Power_SCH.SchDoc with Capacitor from library.DbLib
Replace Part C9 220000_035 in C:\Users\tonik_000\OneDrive\Работа\Стиралка\Вода\Power_SCH.SchDoc with 220000_035 from Cap.SchLib
Replace Part C10 Capacitor in C:\Users\tonik_000\OneDrive\Работа\Стиралка\Вода\Power_SCH.SchDoc with Capacitor from library.DbLib
Replace Part C11 Capacitor in C:\Users\tonik_000\OneDrive\Работа\Стиралка\Вода\Power_SCH.SchDoc with Capacitor from library.DbLib
Replace Part C12 Capacitor in C:\Users\tonik_000\OneDrive\Работа\Стиралка\Вода\Power_SCH.SchDoc with Capacitor from library.DbLib
Replace Part C13 Capacitor in C:\Users\tonik_000\OneDrive\Работа\Стиралка\Вода\Power_SCH.SchDoc with Capacitor from library.DbLib
Replace Part C14 Capacitor in C:\Users\tonik_000\OneDrive\Работа\Стиралка\Вода\Power_SCH.SchDoc with Capacitor from library.DbLib
Replace Part C15 Capacitor in C:\Users\tonik_000\OneDrive\Работа\Стиралка\Вода\Power_SCH.SchDoc with Capacitor from library.DbLib
Replace Part C16 Capacitor in C:\Users\tonik_000\OneDrive\Работа\Стиралка\Вода\Power_SCH.SchDoc with Capacitor from library.DbLib
Replace Part C17 Capacitor in C:\Users\tonik_000\OneDrive\Работа\Стиралка\Вода\Power_SCH.SchDoc with Capacitor from library.DbLib
Replace Part C18 Capacitor in C:\Users\tonik_000\OneDrive\Работа\Стиралка\Вода\Power_SCH.SchDoc with Capacitor from library.DbLib
Replace Part C19 Capacitor in C:\Users\tonik_000\OneDrive\Работа\Стиралка\Вода\Power_SCH.SchDoc with Capacitor from library.DbLib
Replace Part C20 Capacitor in C:\Users\tonik_000\OneDrive\Работа\Стиралка\Вода\Power_SCH.SchDoc with Capacitor from library.DbLib
Replace Part C21 Capacitor in C:\Users\tonik_000\OneDrive\Работа\Стиралка\Вода\Power_SCH.SchDoc with Capacitor from library.DbLib
Replace Part DD1 Atmega324P-20AU in C:\Users\tonik_000\OneDrive\Работа\Стиралка\Вода\Power_SCH.SchDoc with Atmega324P-20AU from Microcontrollers.SchLib
Replace Part DD2 Atmega324P-20AU in C:\Users\tonik_000\OneDrive\Работа\Стиралка\Вода\Power_SCH.SchDoc with Atmega324P-20AU from Microcontrollers.SchLib
Replace Part DD3 Atmega324P-20AU in C:\Users\tonik_000\OneDrive\Работа\Стиралка\Вода\Power_SCH.SchDoc with Atmega324P-20AU from Microcontrollers.SchLib
Replace Part L1 Ferrite Bead in C:\Users\tonik_000\OneDrive\Работа\Стиралка\Вода\Power_SCH.SchDoc with Ferrite Bead from Inductor.SchLib
Replace Part L2 Ferrite Bead in C:\Users\tonik_000\OneDrive\Работа\Стиралка\Вода\Power_SCH.SchDoc with Ferrite Bead from Inductor.SchLib
Replace Part L3 Ferrite Bead in C:\Users\tonik_000\OneDrive\Работа\Стиралка\Вода\Power_SCH.SchDoc with Ferrite Bead from Inductor.SchLib
Replace Part L4 Ferrite Bead in C:\Users\tonik_000\OneDrive\Работа\Стиралка\Вода\Power_SCH.SchDoc with Ferrite Bead from Inductor.SchLib
Replace Part L5 Ferrite Bead in C:\Users\tonik_000\OneDrive\Работа\Стиралка\Вода\Power_SCH.SchDoc with Ferrite Bead from Inductor.SchLib
Replace Part L6 Ferrite Bead in C:\Users\tonik_000\OneDrive\Работа\Стиралка\Вода\Power_SCH.SchDoc with Ferrite Bead from Inductor.SchLib
Replace Part L7 Ferrite Bead in C:\Users\tonik_000\OneDrive\Работа\Стиралка\Вода\Power_SCH.SchDoc with Ferrite Bead from Inductor.SchLib
Replace Part L8 Ferrite Bead in C:\Users\tonik_000\OneDrive\Работа\Стиралка\Вода\Power_SCH.SchDoc with Ferrite Bead from Inductor.SchLib
Replace Part L9 Ferrite Bead in C:\Users\tonik_000\OneDrive\Работа\Стиралка\Вода\Power_SCH.SchDoc with Ferrite Bead from Inductor.SchLib
Replace Part L10 Ferrite Bead in C:\Users\tonik_000\OneDrive\Работа\Стиралка\Вода\Power_SCH.SchDoc with Ferrite Bead from Inductor.SchLib
Replace Part L11 Ferrite Bead in C:\Users\tonik_000\OneDrive\Работа\Стиралка\Вода\Power_SCH.SchDoc with Ferrite Bead from Inductor.SchLib
Replace Part L12 Ferrite Bead in C:\Users\tonik_000\OneDrive\Работа\Стиралка\Вода\Power_SCH.SchDoc with Ferrite Bead from Inductor.SchLib
Replace Part XS1 Con2_M_PLS-02R in C:\Users\tonik_000\OneDrive\Работа\Стиралка\Вода\Power_SCH.SchDoc with Con2_M_PLS-02R from Connector.SchLib
Replace Part XS2 Con2_M_PLS-02R in C:\Users\tonik_000\OneDrive\Работа\Стиралка\Вода\Power_SCH.SchDoc with Con2_M_PLS-02R from Connector.SchLib
