Change Component Designator: Old Designator=C? New Designator=C6
Change Component Designator: Old Designator=C? New Designator=C7
Change Component Designator: Old Designator=C? New Designator=C8
Change Component Designator: Old Designator=C? New Designator=C9
Change Component Designator: Old Designator=C? New Designator=C10
Change Component Designator: Old Designator=C? New Designator=C11
Change Component Designator: Old Designator=C? New Designator=C12
Change Component Designator: Old Designator=C? New Designator=C13
Change Component Designator: Old Designator=C? New Designator=C14
Change Component Designator: Old Designator=C? New Designator=C15
Change Component Designator: Old Designator=C? New Designator=C16
Change Component Designator: Old Designator=C? New Designator=C17
Change Component Designator: Old Designator=C? New Designator=C18
Change Component Designator: Old Designator=C? New Designator=C19
Change Component Designator: Old Designator=C? New Designator=C20
Change Component Designator: Old Designator=C? New Designator=C21
Change Component Designator: Old Designator=C? New Designator=C22
Change Component Designator: Old Designator=C? New Designator=C23
Change Component Designator: Old Designator=DA? New Designator=DA1
Change Component Designator: Old Designator=DD? New Designator=DD1
Change Component Designator: Old Designator=DD? New Designator=DD2
Change Component Designator: Old Designator=DD? New Designator=DD3
Change Component Designator: Old Designator=FU? New Designator=FU1
Change Component Designator: Old Designator=HL? New Designator=HL12
Change Component Designator: Old Designator=HL? New Designator=HL13
Change Component Designator: Old Designator=L? New Designator=L2
Change Component Designator: Old Designator=L? New Designator=L3
Change Component Designator: Old Designator=L? New Designator=L4
Change Component Designator: Old Designator=L? New Designator=L5
Change Component Designator: Old Designator=L? New Designator=L6
Change Component Designator: Old Designator=L? New Designator=L7
Change Component Designator: Old Designator=L? New Designator=L8
Change Component Designator: Old Designator=L? New Designator=L9
Change Component Designator: Old Designator=L? New Designator=L10
Change Component Designator: Old Designator=L? New Designator=L11
Change Component Designator: Old Designator=L? New Designator=L12
Change Component Designator: Old Designator=L? New Designator=L13
Change Component Designator: Old Designator=L? New Designator=L14
Change Component Designator: Old Designator=R? New Designator=R44
Change Component Designator: Old Designator=R? New Designator=R45
Change Component Designator: Old Designator=VD? New Designator=VD10
Change Component Designator: Old Designator=VD? New Designator=VD11
Change Component Designator: Old Designator=VD? New Designator=VD12
Change Component Designator: Old Designator=VD? New Designator=VD13
Change Component Designator: Old Designator=VD? New Designator=VD14
Change Component Designator: Old Designator=VD? New Designator=VD15
