Change Component Designator: Old Designator=BQ? New Designator=BQ3
Change Component Designator: Old Designator=BQ? New Designator=BQ4
Change Component Designator: Old Designator=C? New Designator=C24
Change Component Designator: Old Designator=C? New Designator=C25
Change Component Designator: Old Designator=C? New Designator=C26
Change Component Designator: Old Designator=C? New Designator=C27
Change Component Designator: Old Designator=C? New Designator=C28
Change Component Designator: Old Designator=DD? New Designator=DD2
Change Component Designator: Old Designator=HL? New Designator=HL16
Change Component Designator: Old Designator=HL? New Designator=HL17
Change Component Designator: Old Designator=HL? New Designator=HL18
Change Component Designator: Old Designator=HL? New Designator=HL19
Change Component Designator: Old Designator=HL? New Designator=HL20
Change Component Designator: Old Designator=HL? New Designator=HL21
Change Component Designator: Old Designator=K? New Designator=K10
Change Component Designator: Old Designator=K? New Designator=K11
Change Component Designator: Old Designator=K? New Designator=K12
Change Component Designator: Old Designator=K? New Designator=K13
Change Component Designator: Old Designator=K? New Designator=K11
Change Component Designator: Old Designator=K? New Designator=K12
Change Component Designator: Old Designator=K? New Designator=K13
Change Component Designator: Old Designator=K? New Designator=K14
Change Component Designator: Old Designator=L? New Designator=L15
Change Component Designator: Old Designator=R? New Designator=R54
Change Component Designator: Old Designator=R? New Designator=R55
Change Component Designator: Old Designator=R? New Designator=R56
Change Component Designator: Old Designator=R? New Designator=R57
Change Component Designator: Old Designator=R? New Designator=R58
Change Component Designator: Old Designator=R? New Designator=R59
Change Component Designator: Old Designator=R? New Designator=R60
Change Component Designator: Old Designator=R? New Designator=R61
Change Component Designator: Old Designator=R? New Designator=R62
Change Component Designator: Old Designator=R? New Designator=R63
Change Component Designator: Old Designator=R? New Designator=R64
Change Component Designator: Old Designator=R? New Designator=R65
Change Component Designator: Old Designator=R? New Designator=R66
Change Component Designator: Old Designator=R? New Designator=R67
Change Component Designator: Old Designator=R? New Designator=R68
Change Component Designator: Old Designator=R? New Designator=R69
Change Component Designator: Old Designator=R? New Designator=R70
Change Component Designator: Old Designator=R? New Designator=R71
Change Component Designator: Old Designator=R? New Designator=R72
Change Component Designator: Old Designator=R? New Designator=R73
Change Component Designator: Old Designator=R? New Designator=R74
Change Component Designator: Old Designator=R? New Designator=R75
Change Component Designator: Old Designator=SA? New Designator=SA2
Change Component Designator: Old Designator=VD? New Designator=VD16
Change Component Designator: Old Designator=VD? New Designator=VD17
Change Component Designator: Old Designator=VD? New Designator=VD18
Change Component Designator: Old Designator=VD? New Designator=VD19
Change Component Designator: Old Designator=VT? New Designator=VT25
Change Component Designator: Old Designator=VT? New Designator=VT26
Change Component Designator: Old Designator=VT? New Designator=VT27
Change Component Designator: Old Designator=VT? New Designator=VT28
Change Component Designator: Old Designator=VT? New Designator=VT29
Change Component Designator: Old Designator=VT? New Designator=VT30
Change Component Designator: Old Designator=VT? New Designator=VT31
Change Component Designator: Old Designator=VT? New Designator=VT32
Change Component Designator: Old Designator=VT? New Designator=VT33
Change Component Designator: Old Designator=VT? New Designator=VT34
Change Component Designator: Old Designator=XS? New Designator=XS3
Change Component Designator: Old Designator=XT? New Designator=XT17
Change Component Designator: Old Designator=XT? New Designator=XT18
Change Component Designator: Old Designator=XT? New Designator=XT19
Change Component Designator: Old Designator=XT? New Designator=XT20
Change Component Designator: Old Designator=XT? New Designator=XT21
Change Component Designator: Old Designator=XT? New Designator=XT22
Change Component Designator: Old Designator=XT? New Designator=XT23
Change Component Designator: Old Designator=XT? New Designator=XT24
