Change Component Designator: Old Designator=C? New Designator=C36
Change Component Designator: Old Designator=HL? New Designator=HL5
Change Component Designator: Old Designator=HL? New Designator=HL14
Change Component Designator: Old Designator=HL? New Designator=HL15
Change Component Designator: Old Designator=HL? New Designator=HL16
Change Component Designator: Old Designator=K? New Designator=K3
Change Component Designator: Old Designator=K? New Designator=K4
Change Component Designator: Old Designator=K? New Designator=K3
Change Component Designator: Old Designator=K? New Designator=K4
Change Component Designator: Old Designator=L? New Designator=L15
Change Component Designator: Old Designator=R? New Designator=R12
Change Component Designator: Old Designator=R? New Designator=R13
Change Component Designator: Old Designator=R? New Designator=R14
Change Component Designator: Old Designator=R? New Designator=R15
Change Component Designator: Old Designator=R? New Designator=R16
Change Component Designator: Old Designator=R? New Designator=R41
Change Component Designator: Old Designator=R? New Designator=R42
Change Component Designator: Old Designator=R? New Designator=R43
Change Component Designator: Old Designator=R? New Designator=R44
Change Component Designator: Old Designator=R? New Designator=R45
Change Component Designator: Old Designator=SA? New Designator=SA3
Change Component Designator: Old Designator=VD? New Designator=VD3
Change Component Designator: Old Designator=VD? New Designator=VD4
Change Component Designator: Old Designator=VT? New Designator=VT5
Change Component Designator: Old Designator=VT? New Designator=VT14
Change Component Designator: Old Designator=VT? New Designator=VT15
Change Component Designator: Old Designator=VT? New Designator=VT16
Change Component Designator: Old Designator=XS? New Designator=XS7
Change Component Designator: Old Designator=XT? New Designator=XT7
