Change Component Designator: Old Designator=BQ? New Designator=BQ3
Change Component Designator: Old Designator=BQ? New Designator=BQ4
Change Component Designator: Old Designator=C? New Designator=C24
Change Component Designator: Old Designator=C? New Designator=C25
Change Component Designator: Old Designator=C? New Designator=C26
Change Component Designator: Old Designator=C? New Designator=C27
Change Component Designator: Old Designator=C? New Designator=C28
Change Component Designator: Old Designator=DD? New Designator=DD2
Change Component Designator: Old Designator=HL? New Designator=HL15
Change Component Designator: Old Designator=HL? New Designator=HL16
Change Component Designator: Old Designator=HL? New Designator=HL17
Change Component Designator: Old Designator=HL? New Designator=HL18
Change Component Designator: Old Designator=HL? New Designator=HL19
Change Component Designator: Old Designator=HL? New Designator=HL20
Change Component Designator: Old Designator=K? New Designator=K10
Change Component Designator: Old Designator=K? New Designator=K11
Change Component Designator: Old Designator=K? New Designator=K12
Change Component Designator: Old Designator=K? New Designator=K13
Change Component Designator: Old Designator=K? New Designator=K11
Change Component Designator: Old Designator=K? New Designator=K12
Change Component Designator: Old Designator=K? New Designator=K13
Change Component Designator: Old Designator=K? New Designator=K14
Change Component Designator: Old Designator=L? New Designator=L15
Change Component Designator: Old Designator=R? New Designator=R40
Change Component Designator: Old Designator=R? New Designator=R41
Change Component Designator: Old Designator=R? New Designator=R42
Change Component Designator: Old Designator=R? New Designator=R43
Change Component Designator: Old Designator=R? New Designator=R44
Change Component Designator: Old Designator=R? New Designator=R45
Change Component Designator: Old Designator=R? New Designator=R46
Change Component Designator: Old Designator=R? New Designator=R47
Change Component Designator: Old Designator=R? New Designator=R48
Change Component Designator: Old Designator=R? New Designator=R49
Change Component Designator: Old Designator=R? New Designator=R50
Change Component Designator: Old Designator=R? New Designator=R51
Change Component Designator: Old Designator=R? New Designator=R52
Change Component Designator: Old Designator=R? New Designator=R53
Change Component Designator: Old Designator=R? New Designator=R54
Change Component Designator: Old Designator=R? New Designator=R55
Change Component Designator: Old Designator=SA? New Designator=SA2
Change Component Designator: Old Designator=VD? New Designator=VD16
Change Component Designator: Old Designator=VD? New Designator=VD17
Change Component Designator: Old Designator=VD? New Designator=VD18
Change Component Designator: Old Designator=VD? New Designator=VD19
Change Component Designator: Old Designator=VT? New Designator=VT14
Change Component Designator: Old Designator=VT? New Designator=VT15
Change Component Designator: Old Designator=VT? New Designator=VT16
Change Component Designator: Old Designator=VT? New Designator=VT17
Change Component Designator: Old Designator=VT? New Designator=VT18
Change Component Designator: Old Designator=VT? New Designator=VT19
Change Component Designator: Old Designator=XS? New Designator=XS3
Change Component Designator: Old Designator=XT? New Designator=XT17
Change Component Designator: Old Designator=XT? New Designator=XT18
Change Component Designator: Old Designator=XT? New Designator=XT19
Change Component Designator: Old Designator=XT? New Designator=XT20
Change Component Designator: Old Designator=XT? New Designator=XT21
Change Component Designator: Old Designator=XT? New Designator=XT22
Change Component Designator: Old Designator=XT? New Designator=XT23
Change Component Designator: Old Designator=XT? New Designator=XT24
