Change Component Designator: Old Designator=BQ3 New Designator=BQ?
Change Component Designator: Old Designator=BQ4 New Designator=BQ?
Change Component Designator: Old Designator=C24 New Designator=C?
Change Component Designator: Old Designator=C25 New Designator=C?
Change Component Designator: Old Designator=C26 New Designator=C?
Change Component Designator: Old Designator=C27 New Designator=C?
Change Component Designator: Old Designator=C28 New Designator=C?
Change Component Designator: Old Designator=DD2 New Designator=DD?
Change Component Designator: Old Designator=HL16 New Designator=HL?
Change Component Designator: Old Designator=HL17 New Designator=HL?
Change Component Designator: Old Designator=HL18 New Designator=HL?
Change Component Designator: Old Designator=HL19 New Designator=HL?
Change Component Designator: Old Designator=HL20 New Designator=HL?
Change Component Designator: Old Designator=HL21 New Designator=HL?
Change Component Designator: Old Designator=K10 New Designator=K?
Change Component Designator: Old Designator=K10 New Designator=K?
Change Component Designator: Old Designator=K11 New Designator=K?
Change Component Designator: Old Designator=K11 New Designator=K?
Change Component Designator: Old Designator=K12 New Designator=K?
Change Component Designator: Old Designator=K12 New Designator=K?
Change Component Designator: Old Designator=K13 New Designator=K?
Change Component Designator: Old Designator=K13 New Designator=K?
Change Component Designator: Old Designator=L15 New Designator=L?
Change Component Designator: Old Designator=R54 New Designator=R?
Change Component Designator: Old Designator=R55 New Designator=R?
Change Component Designator: Old Designator=R56 New Designator=R?
Change Component Designator: Old Designator=R57 New Designator=R?
Change Component Designator: Old Designator=R58 New Designator=R?
Change Component Designator: Old Designator=R59 New Designator=R?
Change Component Designator: Old Designator=R60 New Designator=R?
Change Component Designator: Old Designator=R61 New Designator=R?
Change Component Designator: Old Designator=R62 New Designator=R?
Change Component Designator: Old Designator=R63 New Designator=R?
Change Component Designator: Old Designator=R64 New Designator=R?
Change Component Designator: Old Designator=R65 New Designator=R?
Change Component Designator: Old Designator=R66 New Designator=R?
Change Component Designator: Old Designator=R67 New Designator=R?
Change Component Designator: Old Designator=R68 New Designator=R?
Change Component Designator: Old Designator=R69 New Designator=R?
Change Component Designator: Old Designator=R70 New Designator=R?
Change Component Designator: Old Designator=R71 New Designator=R?
Change Component Designator: Old Designator=R72 New Designator=R?
Change Component Designator: Old Designator=R73 New Designator=R?
Change Component Designator: Old Designator=R74 New Designator=R?
Change Component Designator: Old Designator=R75 New Designator=R?
Change Component Designator: Old Designator=SA2 New Designator=SA?
Change Component Designator: Old Designator=VD16 New Designator=VD?
Change Component Designator: Old Designator=VD17 New Designator=VD?
Change Component Designator: Old Designator=VD18 New Designator=VD?
Change Component Designator: Old Designator=VD19 New Designator=VD?
Change Component Designator: Old Designator=VT25 New Designator=VT?
Change Component Designator: Old Designator=VT26 New Designator=VT?
Change Component Designator: Old Designator=VT27 New Designator=VT?
Change Component Designator: Old Designator=VT28 New Designator=VT?
Change Component Designator: Old Designator=VT29 New Designator=VT?
Change Component Designator: Old Designator=VT30 New Designator=VT?
Change Component Designator: Old Designator=VT31 New Designator=VT?
Change Component Designator: Old Designator=VT32 New Designator=VT?
Change Component Designator: Old Designator=VT33 New Designator=VT?
Change Component Designator: Old Designator=VT34 New Designator=VT?
Change Component Designator: Old Designator=XS3 New Designator=XS?
Change Component Designator: Old Designator=XT14 New Designator=XT?
Change Component Designator: Old Designator=XT17 New Designator=XT?
Change Component Designator: Old Designator=XT18 New Designator=XT?
Change Component Designator: Old Designator=XT19 New Designator=XT?
Change Component Designator: Old Designator=XT20 New Designator=XT?
Change Component Designator: Old Designator=XT21 New Designator=XT?
Change Component Designator: Old Designator=XT22 New Designator=XT?
Change Component Designator: Old Designator=XT23 New Designator=XT?
