Change Component Designator: Old Designator=HL8 New Designator=HL?
Change Component Designator: Old Designator=HL9 New Designator=HL?
Change Component Designator: Old Designator=HL10 New Designator=HL?
Change Component Designator: Old Designator=HL11 New Designator=HL?
Change Component Designator: Old Designator=K6 New Designator=K?
Change Component Designator: Old Designator=K6 New Designator=K?
Change Component Designator: Old Designator=K7 New Designator=K?
Change Component Designator: Old Designator=K7 New Designator=K?
Change Component Designator: Old Designator=K8 New Designator=K?
Change Component Designator: Old Designator=K8 New Designator=K?
Change Component Designator: Old Designator=K9 New Designator=K?
Change Component Designator: Old Designator=K9 New Designator=K?
Change Component Designator: Old Designator=R28 New Designator=R?
Change Component Designator: Old Designator=R29 New Designator=R?
Change Component Designator: Old Designator=R30 New Designator=R?
Change Component Designator: Old Designator=R31 New Designator=R?
Change Component Designator: Old Designator=R32 New Designator=R?
Change Component Designator: Old Designator=R33 New Designator=R?
Change Component Designator: Old Designator=R34 New Designator=R?
Change Component Designator: Old Designator=R35 New Designator=R?
Change Component Designator: Old Designator=R36 New Designator=R?
Change Component Designator: Old Designator=R37 New Designator=R?
Change Component Designator: Old Designator=R38 New Designator=R?
Change Component Designator: Old Designator=R39 New Designator=R?
Change Component Designator: Old Designator=R40 New Designator=R?
Change Component Designator: Old Designator=R41 New Designator=R?
Change Component Designator: Old Designator=R42 New Designator=R?
Change Component Designator: Old Designator=R43 New Designator=R?
Change Component Designator: Old Designator=VD6 New Designator=VD?
Change Component Designator: Old Designator=VD7 New Designator=VD?
Change Component Designator: Old Designator=VD8 New Designator=VD?
Change Component Designator: Old Designator=VD9 New Designator=VD?
Change Component Designator: Old Designator=VT13 New Designator=VT?
Change Component Designator: Old Designator=VT14 New Designator=VT?
Change Component Designator: Old Designator=VT15 New Designator=VT?
Change Component Designator: Old Designator=VT16 New Designator=VT?
Change Component Designator: Old Designator=VT17 New Designator=VT?
Change Component Designator: Old Designator=VT18 New Designator=VT?
Change Component Designator: Old Designator=VT19 New Designator=VT?
Change Component Designator: Old Designator=VT20 New Designator=VT?
Change Component Designator: Old Designator=XT10 New Designator=XT?
Change Component Designator: Old Designator=XT11 New Designator=XT?
Change Component Designator: Old Designator=XT12 New Designator=XT?
Change Component Designator: Old Designator=XT13 New Designator=XT?
