Replace Part HL6 LED1_R in C:\Users\tonik_000\OneDrive\Работа\Стиралка\Вода\valveСontrol.SchDoc with LED1_R from Indicator.SchLib
Replace Part HL7 LED1_R in C:\Users\tonik_000\OneDrive\Работа\Стиралка\Вода\valveСontrol.SchDoc with LED1_R from Indicator.SchLib
Replace Part HL8 LED1_R in C:\Users\tonik_000\OneDrive\Работа\Стиралка\Вода\valveСontrol.SchDoc with LED1_R from Indicator.SchLib
Replace Part HL9 LED1_R in C:\Users\tonik_000\OneDrive\Работа\Стиралка\Вода\valveСontrol.SchDoc with LED1_R from Indicator.SchLib
Replace Part K6 TRU-5VDC-SB-CL in C:\Users\tonik_000\OneDrive\Работа\Стиралка\Вода\valveСontrol.SchDoc with TRU-5VDC-SB-CL from Switch.SchLib
Replace Part K6 TRU-5VDC-SB-CL in C:\Users\tonik_000\OneDrive\Работа\Стиралка\Вода\valveСontrol.SchDoc with TRU-5VDC-SB-CL from Switch.SchLib
Replace Part K7 TRU-5VDC-SB-CL in C:\Users\tonik_000\OneDrive\Работа\Стиралка\Вода\valveСontrol.SchDoc with TRU-5VDC-SB-CL from Switch.SchLib
Replace Part K7 TRU-5VDC-SB-CL in C:\Users\tonik_000\OneDrive\Работа\Стиралка\Вода\valveСontrol.SchDoc with TRU-5VDC-SB-CL from Switch.SchLib
Replace Part K8 TRU-5VDC-SB-CL in C:\Users\tonik_000\OneDrive\Работа\Стиралка\Вода\valveСontrol.SchDoc with TRU-5VDC-SB-CL from Switch.SchLib
Replace Part K8 TRU-5VDC-SB-CL in C:\Users\tonik_000\OneDrive\Работа\Стиралка\Вода\valveСontrol.SchDoc with TRU-5VDC-SB-CL from Switch.SchLib
Replace Part K9 TRU-5VDC-SB-CL in C:\Users\tonik_000\OneDrive\Работа\Стиралка\Вода\valveСontrol.SchDoc with TRU-5VDC-SB-CL from Switch.SchLib
Replace Part K9 TRU-5VDC-SB-CL in C:\Users\tonik_000\OneDrive\Работа\Стиралка\Вода\valveСontrol.SchDoc with TRU-5VDC-SB-CL from Switch.SchLib
Replace Part R17 Resistor in C:\Users\tonik_000\OneDrive\Работа\Стиралка\Вода\valveСontrol.SchDoc with Resistor from library.DbLib
Replace Part R18 Resistor in C:\Users\tonik_000\OneDrive\Работа\Стиралка\Вода\valveСontrol.SchDoc with Resistor from library.DbLib
Replace Part R19 Resistor in C:\Users\tonik_000\OneDrive\Работа\Стиралка\Вода\valveСontrol.SchDoc with Resistor from library.DbLib
Replace Part R20 Resistor in C:\Users\tonik_000\OneDrive\Работа\Стиралка\Вода\valveСontrol.SchDoc with Resistor from library.DbLib
Replace Part R21 Resistor in C:\Users\tonik_000\OneDrive\Работа\Стиралка\Вода\valveСontrol.SchDoc with Resistor from library.DbLib
Replace Part R22 Resistor in C:\Users\tonik_000\OneDrive\Работа\Стиралка\Вода\valveСontrol.SchDoc with Resistor from library.DbLib
Replace Part R23 Resistor in C:\Users\tonik_000\OneDrive\Работа\Стиралка\Вода\valveСontrol.SchDoc with Resistor from library.DbLib
Replace Part R24 Resistor in C:\Users\tonik_000\OneDrive\Работа\Стиралка\Вода\valveСontrol.SchDoc with Resistor from library.DbLib
Replace Part R25 Resistor in C:\Users\tonik_000\OneDrive\Работа\Стиралка\Вода\valveСontrol.SchDoc with Resistor from library.DbLib
Replace Part R26 Resistor in C:\Users\tonik_000\OneDrive\Работа\Стиралка\Вода\valveСontrol.SchDoc with Resistor from library.DbLib
Replace Part R27 Resistor in C:\Users\tonik_000\OneDrive\Работа\Стиралка\Вода\valveСontrol.SchDoc with Resistor from library.DbLib
Replace Part R28 Resistor in C:\Users\tonik_000\OneDrive\Работа\Стиралка\Вода\valveСontrol.SchDoc with Resistor from library.DbLib
Replace Part VD6 1N4001 in C:\Users\tonik_000\OneDrive\Работа\Стиралка\Вода\valveСontrol.SchDoc with 1N4001 from Diod.SchLib
Replace Part VD7 1N4001 in C:\Users\tonik_000\OneDrive\Работа\Стиралка\Вода\valveСontrol.SchDoc with 1N4001 from Diod.SchLib
Replace Part VD8 1N4001 in C:\Users\tonik_000\OneDrive\Работа\Стиралка\Вода\valveСontrol.SchDoc with 1N4001 from Diod.SchLib
Replace Part VD9 1N4001 in C:\Users\tonik_000\OneDrive\Работа\Стиралка\Вода\valveСontrol.SchDoc with 1N4001 from Diod.SchLib
Replace Part VT6 2N7002 n-MOSFET in C:\Users\tonik_000\OneDrive\Работа\Стиралка\Вода\valveСontrol.SchDoc with 2N7002 n-MOSFET from Transistor.SchLib
Replace Part VT7 2N7002 n-MOSFET in C:\Users\tonik_000\OneDrive\Работа\Стиралка\Вода\valveСontrol.SchDoc with 2N7002 n-MOSFET from Transistor.SchLib
Replace Part VT8 2N7002 n-MOSFET in C:\Users\tonik_000\OneDrive\Работа\Стиралка\Вода\valveСontrol.SchDoc with 2N7002 n-MOSFET from Transistor.SchLib
Replace Part VT9 2N7002 n-MOSFET in C:\Users\tonik_000\OneDrive\Работа\Стиралка\Вода\valveСontrol.SchDoc with 2N7002 n-MOSFET from Transistor.SchLib
