Change Component Designator: Old Designator=C1 New Designator=C?
Change Component Designator: Old Designator=DD1 New Designator=DD?
Change Component Designator: Old Designator=HL1 New Designator=HL?
Change Component Designator: Old Designator=HL2 New Designator=HL?
Change Component Designator: Old Designator=HL3 New Designator=HL?
Change Component Designator: Old Designator=HL4 New Designator=HL?
Change Component Designator: Old Designator=HL5 New Designator=HL?
Change Component Designator: Old Designator=HL6 New Designator=HL?
Change Component Designator: Old Designator=HL7 New Designator=HL?
Change Component Designator: Old Designator=HL8 New Designator=HL?
Change Component Designator: Old Designator=HL9 New Designator=HL?
Change Component Designator: Old Designator=HL10 New Designator=HL?
Change Component Designator: Old Designator=L1 New Designator=L?
Change Component Designator: Old Designator=R1 New Designator=R?
Change Component Designator: Old Designator=R2 New Designator=R?
Change Component Designator: Old Designator=R3 New Designator=R?
Change Component Designator: Old Designator=R4 New Designator=R?
Change Component Designator: Old Designator=R5 New Designator=R?
Change Component Designator: Old Designator=R6 New Designator=R?
Change Component Designator: Old Designator=R7 New Designator=R?
Change Component Designator: Old Designator=R8 New Designator=R?
Change Component Designator: Old Designator=R9 New Designator=R?
Change Component Designator: Old Designator=R10 New Designator=R?
Change Component Designator: Old Designator=SA1 New Designator=SA?
Change Component Designator: Old Designator=SL1 New Designator=SL?
Change Component Designator: Old Designator=SL2 New Designator=SL?
Change Component Designator: Old Designator=SL3 New Designator=SL?
Change Component Designator: Old Designator=SL4 New Designator=SL?
Change Component Designator: Old Designator=SL5 New Designator=SL?
Change Component Designator: Old Designator=SL6 New Designator=SL?
Change Component Designator: Old Designator=SL7 New Designator=SL?
Change Component Designator: Old Designator=SL8 New Designator=SL?
Change Component Designator: Old Designator=VT1 New Designator=VT?
Change Component Designator: Old Designator=VT2 New Designator=VT?
Change Component Designator: Old Designator=VT3 New Designator=VT?
Change Component Designator: Old Designator=VT4 New Designator=VT?
Change Component Designator: Old Designator=VT5 New Designator=VT?
Change Component Designator: Old Designator=VT6 New Designator=VT?
Change Component Designator: Old Designator=VT7 New Designator=VT?
Change Component Designator: Old Designator=VT8 New Designator=VT?
Change Component Designator: Old Designator=VT9 New Designator=VT?
Change Component Designator: Old Designator=VT10 New Designator=VT?
Change Component Designator: Old Designator=XS1 New Designator=XS?
