Change Component Designator: Old Designator=C15 New Designator=C?
Change Component Designator: Old Designator=DD2 New Designator=DD?
Change Component Designator: Old Designator=HG1 New Designator=HG?
Change Component Designator: Old Designator=HG1 New Designator=HG?
Change Component Designator: Old Designator=HG1 New Designator=HG?
Change Component Designator: Old Designator=HG1 New Designator=HG?
Change Component Designator: Old Designator=HL12 New Designator=HL?
Change Component Designator: Old Designator=HL13 New Designator=HL?
Change Component Designator: Old Designator=L11 New Designator=L?
Change Component Designator: Old Designator=R12 New Designator=R?
Change Component Designator: Old Designator=R13 New Designator=R?
Change Component Designator: Old Designator=R14 New Designator=R?
Change Component Designator: Old Designator=R15 New Designator=R?
Change Component Designator: Old Designator=R16 New Designator=R?
Change Component Designator: Old Designator=R17 New Designator=R?
Change Component Designator: Old Designator=R18 New Designator=R?
Change Component Designator: Old Designator=R19 New Designator=R?
Change Component Designator: Old Designator=R20 New Designator=R?
Change Component Designator: Old Designator=R21 New Designator=R?
Change Component Designator: Old Designator=R22 New Designator=R?
Change Component Designator: Old Designator=R23 New Designator=R?
Change Component Designator: Old Designator=R24 New Designator=R?
Change Component Designator: Old Designator=R25 New Designator=R?
Change Component Designator: Old Designator=SA2 New Designator=SA?
Change Component Designator: Old Designator=SL9 New Designator=SL?
Change Component Designator: Old Designator=VT11 New Designator=VT?
Change Component Designator: Old Designator=VT12 New Designator=VT?
Change Component Designator: Old Designator=VT13 New Designator=VT?
Change Component Designator: Old Designator=VT14 New Designator=VT?
Change Component Designator: Old Designator=VT15 New Designator=VT?
Change Component Designator: Old Designator=VT16 New Designator=VT?
Change Component Designator: Old Designator=XS1 New Designator=XS?
Change Component Designator: Old Designator=XT5 New Designator=XT?
Change Component Designator: Old Designator=XT6 New Designator=XT?
Change Component Designator: Old Designator=XT7 New Designator=XT?
