Removed Pin From Net: NetName=NetHG1_32 Pin=R13-2
Removed Pin From Net: NetName=LED_K1 Pin=R14-2
Removed Pin From Net: NetName=LED_K2 Pin=R15-2
Removed Pin From Net: NetName=NetHG1_31 Pin=R16-2
Removed Pin From Net: NetName=NetDD2_21 Pin=R17-1
Removed Pin From Net: NetName=LED_K3 Pin=R17-2
Removed Pin From Net: NetName=NetDD2_22 Pin=R18-1
Removed Pin From Net: NetName=LED_K4 Pin=R18-2
Removed Pin From Net: NetName=NetDD2_23 Pin=R19-1
Removed Pin From Net: NetName=LED_K5 Pin=R19-2
Removed Pin From Net: NetName=LED_K6 Pin=R20-2
Removed Pin From Net: NetName=LED_K7 Pin=R21-2
Removed Pin From Net: NetName=LED_K8 Pin=R22-2
Removed Pin From Net: NetName=NetHG1_23 Pin=R23-2
Removed Pin From Net: NetName=NetHG1_22 Pin=R24-2
Removed Pin From Net: NetName=NetHL13_1 Pin=R25-1
Removed Pin From Net: NetName=NetC3_2 Pin=R25-2
Removed Pin From Net: NetName=LED_A1 Pin=VT13-1
Removed Pin From Net: NetName=LED_A2 Pin=VT14-1
Removed Pin From Net: NetName=LED_A3 Pin=VT15-1
Removed Pin From Net: NetName=LED_A4 Pin=VT16-1
Removed Pin From Net: NetName=NetDD2_2 Pin=XS2-1
Removed Pin From Net: NetName=NetC2_1 Pin=XS2-2
Removed Pin From Net: NetName=NetDD2_3 Pin=XS2-3
Removed Pin From Net: NetName=NetDD2_1 Pin=XS2-4
Removed Pin From Net: NetName=NetDD2_4 Pin=XS2-5
Removed Pin From Net: NetName=GND Pin=XS2-6
Removed Pin From Net: NetName=NetDD1_11 Pin=XT1-1
Removed Pin From Net: NetName=NetDD1_12 Pin=XT1-2
Removed Pin From Net: NetName=NetDD1_19 Pin=XT2-1
Removed Pin From Net: NetName=NetDD1_20 Pin=XT2-2
Removed Pin From Net: NetName=NetDD1_9 Pin=XT3-1
Removed Pin From Net: NetName=NetDD1_10 Pin=XT3-2
Removed Pin From Net: NetName=NetDD2_11 Pin=XT4-1
Removed Pin From Net: NetName=NetDD2_12 Pin=XT4-2
Removed Pin From Net: NetName=NetDD2_19 Pin=XT5-1
Removed Pin From Net: NetName=NetDD2_20 Pin=XT5-2
Removed Pin From Net: NetName=NetDD2_9 Pin=XT6-1
Removed Pin From Net: NetName=NetDD2_10 Pin=XT6-2
Removed Pin From Net: NetName=NetVD3_A Pin=XT7-1
Removed Pin From Net: NetName=NetVD4_A Pin=XT7-2
Removed Member From Class: ClassName=Control_Panel_Power Member=R25
Removed Member From Class: ClassName=Control_Panel_Part2 Member=XS2
Removed Member From Class: ClassName=Control_Panel Member=XT1
Removed Member From Class: ClassName=Control_Panel Member=XT2
Removed Member From Class: ClassName=Control_Panel Member=XT3
Removed Member From Class: ClassName=Control_Panel_Part2 Member=XT4
Removed Member From Class: ClassName=Control_Panel_Part2 Member=XT5
Removed Member From Class: ClassName=Control_Panel_Part2 Member=XT6
Removed Member From Class: ClassName=Control_Panel_Power Member=XT7
Change Component DesignItemId : Designator=XS2 Old DesignItemId=Con6_M IDC-06M_SPI New DesignItemId=Con2_M_PLS-02R
Change Component DesignItemId : Designator=R13 Old DesignItemId=Resistor 0805 1k New DesignItemId=Resistor 0805 100
Change Component DesignItemId : Designator=R16 Old DesignItemId=Resistor 0805 1k New DesignItemId=Resistor 0805 220
Change Component DesignItemId : Designator=R23 Old DesignItemId=Resistor 0805 1k New DesignItemId=Resistor 0805 220
Change Component DesignItemId : Designator=R24 Old DesignItemId=Resistor 0805 1k New DesignItemId=Resistor 0805 220
Change Component DesignItemId : Designator=R19 Old DesignItemId=Resistor 0805 220 New DesignItemId=Resistor 0805 100
Change Component DesignItemId : Designator=R25 Old DesignItemId=Resistor 0805 750 New DesignItemId=Resistor 0805 220
Change Component Footprint: Designator=XS2 Old Footprint=IDC-06M New Footprint=PLS-02R1
Change Component Comment : Designator=R13 Old Comment=1k New Comment=100
Change Component Comment : Designator=R16 Old Comment=1k New Comment=220
Change Component Comment : Designator=R23 Old Comment=1k New Comment=220
Change Component Comment : Designator=R24 Old Comment=1k New Comment=220
Change Component Comment : Designator=R19 Old Comment=220 New Comment=100
Change Component Comment : Designator=R25 Old Comment=750 New Comment=220
Change Component Comment : Designator=XS2 Old Comment=IDC-06M New Comment=PLS-02R
Added Component: Designator=R26(SMDRC0805)
Added Component: Designator=R27(SMDRC0805)
Added Component: Designator=R28(SMDRC0805)
Added Component: Designator=R29(SMDRC0805)
Added Component: Designator=R30(SMDRC0805)
Added Component: Designator=R31(SMDRC0805)
Added Component: Designator=R32(SMDRC0805)
Added Component: Designator=R33(SMDRC0805)
Added Component: Designator=VT17(SOT23 (TO-236AB))
Added Component: Designator=VT18(SOT23 (TO-236AB))
Added Component: Designator=VT19(SOT23 (TO-236AB))
Added Component: Designator=VT20(SOT23 (TO-236AB))
Added Component: Designator=VT21(SOT23 (TO-236AB))
Added Component: Designator=VT22(SOT23 (TO-236AB))
Added Component: Designator=VT23(SOT23 (TO-236AB))
Added Component: Designator=VT24(SOT23 (TO-236AB))
Added Component: Designator=XS3(PLS-02R1)
Added Component: Designator=XS4(PLS-02)
Added Component: Designator=XS5(IDC-06M)
Added Component: Designator=XS6(PLS-02R1)
Added Component: Designator=XS7(PLS-02R1)
Added Component: Designator=XS8(PLS-02)
Added Pin To Net: NetName=GND Pin=DD2-31
Added Pin To Net: NetName=GND Pin=DD2-32
Added Pin To Net: NetName=GND Pin=DD2-33
Added Pin To Net: NetName=LED_A1 Pin=R13-1
Added Pin To Net: NetName=NetDD2_21 Pin=R16-1
Added Pin To Net: NetName=NetDD2_22 Pin=R17-1
Added Pin To Net: NetName=NetDD2_23 Pin=R18-1
Added Pin To Net: NetName=LED_A2 Pin=R19-1
Added Pin To Net: NetName=LED_A3 Pin=R31-1
Added Pin To Net: NetName=LED_A4 Pin=R32-1
Added Pin To Net: NetName=NetHL13_1 Pin=R33-1
Added Pin To Net: NetName=NetC3_2 Pin=R33-2
Added Pin To Net: NetName=NetHG1_32 Pin=VT13-3
Added Pin To Net: NetName=NetHG1_31 Pin=VT14-3
Added Pin To Net: NetName=NetHG1_23 Pin=VT15-3
Added Pin To Net: NetName=NetHG1_22 Pin=VT16-3
Added Pin To Net: NetName=LED_K1 Pin=VT17-2
Added Pin To Net: NetName=LED_K2 Pin=VT18-2
Added Pin To Net: NetName=LED_K3 Pin=VT19-2
Added Pin To Net: NetName=LED_K4 Pin=VT20-2
Added Pin To Net: NetName=LED_K5 Pin=VT21-2
Added Pin To Net: NetName=LED_K6 Pin=VT22-2
Added Pin To Net: NetName=LED_K7 Pin=VT23-2
Added Pin To Net: NetName=LED_K8 Pin=VT24-2
Added Pin To Net: NetName=NetDD1_11 Pin=XS2-1
Added Pin To Net: NetName=NetDD1_12 Pin=XS2-2
Added Pin To Net: NetName=NetDD1_19 Pin=XS3-1
Added Pin To Net: NetName=NetDD1_20 Pin=XS3-2
Added Pin To Net: NetName=NetDD1_9 Pin=XS4-1
Added Pin To Net: NetName=NetDD1_10 Pin=XS4-2
Added Pin To Net: NetName=NetDD2_2 Pin=XS5-1
Added Pin To Net: NetName=NetC2_1 Pin=XS5-2
Added Pin To Net: NetName=NetDD2_3 Pin=XS5-3
Added Pin To Net: NetName=NetDD2_1 Pin=XS5-4
Added Pin To Net: NetName=NetDD2_4 Pin=XS5-5
Added Pin To Net: NetName=GND Pin=XS5-6
Added Pin To Net: NetName=NetDD2_11 Pin=XS6-1
Added Pin To Net: NetName=NetDD2_12 Pin=XS6-2
Added Pin To Net: NetName=NetDD2_19 Pin=XS7-1
Added Pin To Net: NetName=NetDD2_20 Pin=XS7-2
Added Pin To Net: NetName=NetDD2_9 Pin=XS8-1
Added Pin To Net: NetName=NetDD2_10 Pin=XS8-2
Added Pin To Net: NetName=NetVD3_A Pin=XT1-1
Added Pin To Net: NetName=NetVD4_A Pin=XT1-2
Added Pin To Net: NetName=D1 Pin=R23-1
Added Pin To Net: NetName=D1 Pin=VT17-3
Added Net: Name=D1
Added Pin To Net: NetName=D2 Pin=R24-1
Added Pin To Net: NetName=D2 Pin=VT18-3
Added Net: Name=D2
Added Pin To Net: NetName=D3 Pin=R25-1
Added Pin To Net: NetName=D3 Pin=VT19-3
Added Net: Name=D3
Added Pin To Net: NetName=D4 Pin=R26-1
Added Pin To Net: NetName=D4 Pin=VT20-3
Added Net: Name=D4
Added Pin To Net: NetName=D5 Pin=R27-1
Added Pin To Net: NetName=D5 Pin=VT21-3
Added Net: Name=D5
Added Pin To Net: NetName=D6 Pin=R28-1
Added Pin To Net: NetName=D6 Pin=VT22-3
Added Net: Name=D6
Added Pin To Net: NetName=D7 Pin=R29-1
Added Pin To Net: NetName=D7 Pin=VT23-3
Added Net: Name=D7
Added Pin To Net: NetName=D8 Pin=R30-1
Added Pin To Net: NetName=D8 Pin=VT24-3
Added Net: Name=D8
Added Pin To Net: NetName=GATE1 Pin=R14-2
Added Pin To Net: NetName=GATE1 Pin=VT17-1
Added Net: Name=GATE1
Added Pin To Net: NetName=GATE2 Pin=R15-2
Added Pin To Net: NetName=GATE2 Pin=VT18-1
Added Net: Name=GATE2
Added Pin To Net: NetName=GATE3 Pin=R16-2
Added Pin To Net: NetName=GATE3 Pin=VT19-1
Added Net: Name=GATE3
Added Pin To Net: NetName=GATE4 Pin=R17-2
Added Pin To Net: NetName=GATE4 Pin=VT20-1
Added Net: Name=GATE4
Added Pin To Net: NetName=GATE5 Pin=R18-2
Added Pin To Net: NetName=GATE5 Pin=VT21-1
Added Net: Name=GATE5
Added Pin To Net: NetName=GATE6 Pin=R20-2
Added Pin To Net: NetName=GATE6 Pin=VT22-1
Added Net: Name=GATE6
Added Pin To Net: NetName=GATE7 Pin=R21-2
Added Pin To Net: NetName=GATE7 Pin=VT23-1
Added Net: Name=GATE7
Added Pin To Net: NetName=GATE8 Pin=R22-2
Added Pin To Net: NetName=GATE8 Pin=VT24-1
Added Net: Name=GATE8
Added Pin To Net: NetName=NetR13_2 Pin=R13-2
Added Pin To Net: NetName=NetR13_2 Pin=VT13-1
Added Net: Name=NetR13_2
Added Pin To Net: NetName=NetR19_2 Pin=R19-2
Added Pin To Net: NetName=NetR19_2 Pin=VT14-1
Added Net: Name=NetR19_2
Added Pin To Net: NetName=NetR31_2 Pin=R31-2
Added Pin To Net: NetName=NetR31_2 Pin=VT15-1
Added Net: Name=NetR31_2
Added Pin To Net: NetName=NetR32_2 Pin=R32-2
Added Pin To Net: NetName=NetR32_2 Pin=VT16-1
Added Net: Name=NetR32_2
Added Pin To Net: NetName=VCC Pin=R23-2
Added Pin To Net: NetName=VCC Pin=R24-2
Added Pin To Net: NetName=VCC Pin=R25-2
Added Pin To Net: NetName=VCC Pin=R26-2
Added Pin To Net: NetName=VCC Pin=R27-2
Added Pin To Net: NetName=VCC Pin=R28-2
Added Pin To Net: NetName=VCC Pin=R29-2
Added Pin To Net: NetName=VCC Pin=R30-2
Added Net: Name=VCC
Change Class Name : Old Net Name=Control_Panel New Net Name=U_Control_Panel
Change Class Name : Old Net Name=Control_Panel_Part2 New Net Name=U_Control_Panel_Part2
Change Class Name : Old Net Name=Control_Panel_Power New Net Name=U_Control_Panel_Power
Added Class: Name=TransistorArray
Added Class: Name=D[1..8]
Added Class: Name=GATE[1..8]
Added Member To Class: ClassName=U_Control_Panel_Part2 Member=Component R25 220
Added Member To Class: ClassName=U_Control_Panel_Part2 Member=Component R26 220
Added Member To Class: ClassName=U_Control_Panel_Part2 Member=Component R27 220
Added Member To Class: ClassName=U_Control_Panel_Part2 Member=Component R28 220
Added Member To Class: ClassName=U_Control_Panel_Part2 Member=Component R29 220
Added Member To Class: ClassName=U_Control_Panel_Part2 Member=Component R30 220
Added Member To Class: ClassName=U_Control_Panel_Part2 Member=Component R31 100
Added Member To Class: ClassName=U_Control_Panel_Part2 Member=Component R32 100
Added Member To Class: ClassName=U_Control_Panel_Power Member=Component R33 750
Added Member To Class: ClassName=U_Control_Panel Member=Component XS2 PLS-02R
Added Member To Class: ClassName=U_Control_Panel Member=Component XS3 PLS-02R
Added Member To Class: ClassName=U_Control_Panel Member=Component XS4 PLS-02
Added Member To Class: ClassName=U_Control_Panel_Part2 Member=Component XS5 IDC-06M
Added Member To Class: ClassName=U_Control_Panel_Part2 Member=Component XS6 PLS-02R
Added Member To Class: ClassName=U_Control_Panel_Part2 Member=Component XS7 PLS-02R
Added Member To Class: ClassName=U_Control_Panel_Part2 Member=Component XS8 PLS-02
Added Member To Class: ClassName=U_Control_Panel_Power Member=Component XT1 305-021-12
Added Room: Name=TransistorArray
Added Room: Name=U_Control_Panel
Added Room: Name=U_Control_Panel_Part2
Added Room: Name=U_Control_Panel_Power
