Change Component Designator: Old Designator=C? New Designator=C2
Change Component Designator: Old Designator=DD? New Designator=DD2
Change Component Designator: Old Designator=HG? New Designator=HG1
Change Component Designator: Old Designator=HG? New Designator=HG1
Change Component Designator: Old Designator=HG? New Designator=HG1
Change Component Designator: Old Designator=HG? New Designator=HG1
Change Component Designator: Old Designator=HL? New Designator=HL11
Change Component Designator: Old Designator=HL? New Designator=HL12
Change Component Designator: Old Designator=L? New Designator=L2
Change Component Designator: Old Designator=R? New Designator=R11
Change Component Designator: Old Designator=R? New Designator=R12
Change Component Designator: Old Designator=R? New Designator=R13
Change Component Designator: Old Designator=R? New Designator=R14
Change Component Designator: Old Designator=R? New Designator=R15
Change Component Designator: Old Designator=R? New Designator=R16
Change Component Designator: Old Designator=R? New Designator=R17
Change Component Designator: Old Designator=R? New Designator=R18
Change Component Designator: Old Designator=R? New Designator=R19
Change Component Designator: Old Designator=R? New Designator=R20
Change Component Designator: Old Designator=R? New Designator=R21
Change Component Designator: Old Designator=R? New Designator=R22
Change Component Designator: Old Designator=R? New Designator=R23
Change Component Designator: Old Designator=R? New Designator=R24
Change Component Designator: Old Designator=R? New Designator=R25
Change Component Designator: Old Designator=R? New Designator=R26
Change Component Designator: Old Designator=R? New Designator=R27
Change Component Designator: Old Designator=R? New Designator=R28
Change Component Designator: Old Designator=R? New Designator=R29
Change Component Designator: Old Designator=R? New Designator=R30
Change Component Designator: Old Designator=R? New Designator=R31
Change Component Designator: Old Designator=R? New Designator=R32
Change Component Designator: Old Designator=SA? New Designator=SA2
Change Component Designator: Old Designator=SL? New Designator=SL9
Change Component Designator: Old Designator=VT? New Designator=VT11
Change Component Designator: Old Designator=VT? New Designator=VT12
Change Component Designator: Old Designator=VT? New Designator=VT13
Change Component Designator: Old Designator=VT? New Designator=VT14
Change Component Designator: Old Designator=VT? New Designator=VT15
Change Component Designator: Old Designator=VT? New Designator=VT16
Change Component Designator: Old Designator=XS? New Designator=XS2
