Removed Pin From Net: NetName=LED4 Pin=VT3-1
Removed Pin From Net: NetName=LED3 Pin=VT4-1
Removed Pin From Net: NetName=LED2 Pin=VT5-1
Removed Pin From Net: NetName=LED1 Pin=VT6-1
Removed Pin From Net: NetName=LED8 Pin=VT7-1
Removed Pin From Net: NetName=LED7 Pin=VT8-1
Removed Pin From Net: NetName=LED6 Pin=VT9-1
Removed Pin From Net: NetName=LED5 Pin=VT10-1
Added Component: Designator=R42(SMDRC0805)
Added Component: Designator=R43(SMDRC0805)
Added Component: Designator=R44(SMDRC0805)
Added Component: Designator=R45(SMDRC0805)
Added Component: Designator=R46(SMDRC0805)
Added Component: Designator=R47(SMDRC0805)
Added Component: Designator=R48(SMDRC0805)
Added Component: Designator=R49(SMDRC0805)
Added Pin To Net: NetName=LED4 Pin=R42-1
Added Pin To Net: NetName=LED3 Pin=R43-1
Added Pin To Net: NetName=LED2 Pin=R44-1
Added Pin To Net: NetName=LED1 Pin=R45-1
Added Pin To Net: NetName=LED8 Pin=R46-1
Added Pin To Net: NetName=LED7 Pin=R47-1
Added Pin To Net: NetName=LED6 Pin=R48-1
Added Pin To Net: NetName=LED5 Pin=R49-1
Added Pin To Net: NetName=NetR42_2 Pin=R42-2
Added Pin To Net: NetName=NetR42_2 Pin=VT3-1
Added Net: Name=NetR42_2
Added Pin To Net: NetName=NetR43_2 Pin=R43-2
Added Pin To Net: NetName=NetR43_2 Pin=VT4-1
Added Net: Name=NetR43_2
Added Pin To Net: NetName=NetR44_2 Pin=R44-2
Added Pin To Net: NetName=NetR44_2 Pin=VT5-1
Added Net: Name=NetR44_2
Added Pin To Net: NetName=NetR45_2 Pin=R45-2
Added Pin To Net: NetName=NetR45_2 Pin=VT6-1
Added Net: Name=NetR45_2
Added Pin To Net: NetName=NetR46_2 Pin=R46-2
Added Pin To Net: NetName=NetR46_2 Pin=VT7-1
Added Net: Name=NetR46_2
Added Pin To Net: NetName=NetR47_2 Pin=R47-2
Added Pin To Net: NetName=NetR47_2 Pin=VT8-1
Added Net: Name=NetR47_2
Added Pin To Net: NetName=NetR48_2 Pin=R48-2
Added Pin To Net: NetName=NetR48_2 Pin=VT9-1
Added Net: Name=NetR48_2
Added Pin To Net: NetName=NetR49_2 Pin=R49-2
Added Pin To Net: NetName=NetR49_2 Pin=VT10-1
Added Net: Name=NetR49_2
Added Member To Class: ClassName=U_Control_Panel Member=Component R42 110
Added Member To Class: ClassName=U_Control_Panel Member=Component R43 110
Added Member To Class: ClassName=U_Control_Panel Member=Component R44 110
Added Member To Class: ClassName=U_Control_Panel Member=Component R45 110
Added Member To Class: ClassName=U_Control_Panel Member=Component R46 110
Added Member To Class: ClassName=U_Control_Panel Member=Component R47 110
Added Member To Class: ClassName=U_Control_Panel Member=Component R48 110
Added Member To Class: ClassName=U_Control_Panel Member=Component R49 110
Added Room: Name=TopShem
Added Room: Name=TransistorArray
Added Room: Name=U_Control_Panel
Added Room: Name=U_Control_Panel_Part2
Added Room: Name=U_Control_Panel_Power
